Success (15):
datatype 3360 {urn:com:appian:types:fr}fr_Flight_reservation "{urn:com:appian:types:fr}fr_Flight_reservation"
datatype 3368 {urn:com:appian:types:fs}flight_status "{urn:com:appian:types:fs}flight_status"
dataStore 8305 _a-0000e2a8-8f19-8000-ffe9-01ef9001ef90_51327 "flight_reservation"
dataStore 8630 _a-0000e2a8-8f19-8000-ffe9-01ef9001ef90_51427 "status_flight1"
content 8335 _a-0000e2a8-8f19-8000-ffe9-01ef9001ef90_51339 "flight_booking"
content 8311 _a-0000e2a8-8f19-8000-ffe9-01ef9001ef90_51348 "flight_details"
content 8312 _a-0000e2a8-8f19-8000-ffe9-01ef9001ef90_51366 "er6"
content 8316 _a-0000e2a8-8f19-8000-ffe9-01ef9001ef90_51371 "contact_detail"
content 8337 _a-0000e2a8-8f19-8000-ffe9-01ef9001ef90_51388 "Add_passenger_detail"
content 8338 _a-0000e2a8-8f19-8000-ffe9-01ef9001ef90_51397 "seat_selection"
content 8346 _a-0000e2a8-8f19-8000-ffe9-01ef9001ef90_51406 "payment_page"
content 8345 _a-0000e2a8-8f19-8000-ffe9-01ef9001ef90_51415 "EmailItenary"
content 8344 _a-0000e2a8-8f19-8000-ffe9-01ef9001ef90_51439 "status_flight1"
processModel 441 0002e2be-e2d9-8000-ffe9-014d98014d98 "flight_booking"
application 8303 _a-0000e2a8-8f19-8000-ffe9-01ef9001ef90_51322 "Flight_reservation"

Referenced precedents that were not exported (4):
user bhavana_i bhavana_i
content 6588 _a-0000e27e-4cbf-8000-ffe9-01ef9001ef90_41311
content 6627 _a-0000e27e-4cbf-8000-ffe9-01ef9001ef90_41523
processModelFolder 30 _g-0000e296-509e-8000-ffe9-014d98014d98_95

Trace:
2019-10-11 09:14:28.81 DEBUG application 8303 _a-0000e2a8-8f19-8000-ffe9-01ef9001ef90_51322 Begin transport.
2019-10-11 09:14:28.812 DEBUG application 8303 _a-0000e2a8-8f19-8000-ffe9-01ef9001ef90_51322 Retrieving object data.
2019-10-11 09:14:28.894 DEBUG application 8303 _a-0000e2a8-8f19-8000-ffe9-01ef9001ef90_51322 App associated objects: [datatype=[{urn:com:appian:types:fr}fr_Flight_reservation, {urn:com:appian:types:fs}flight_status],dataStore=[_a-0000e2a8-8f19-8000-ffe9-01ef9001ef90_51327, _a-0000e2a8-8f19-8000-ffe9-01ef9001ef90_51427],content=[_a-0000e2a8-8f19-8000-ffe9-01ef9001ef90_51339, _a-0000e2a8-8f19-8000-ffe9-01ef9001ef90_51348, _a-0000e2a8-8f19-8000-ffe9-01ef9001ef90_51366, _a-0000e2a8-8f19-8000-ffe9-01ef9001ef90_51371, _a-0000e2a8-8f19-8000-ffe9-01ef9001ef90_51388, _a-0000e2a8-8f19-8000-ffe9-01ef9001ef90_51397, _a-0000e2a8-8f19-8000-ffe9-01ef9001ef90_51406, _a-0000e2a8-8f19-8000-ffe9-01ef9001ef90_51415, _a-0000e2a8-8f19-8000-ffe9-01ef9001ef90_51439, _a-0000e2a8-8f19-8000-ffe9-01ef9001ef90_51448],processModel=[0002e2be-e2d9-8000-ffe9-014d98014d98]]
2019-10-11 09:14:28.935 DEBUG application 8303 _a-0000e2a8-8f19-8000-ffe9-01ef9001ef90_51322 Invalid associated objects: [content=[_a-0000e2a8-8f19-8000-ffe9-01ef9001ef90_51448]]
2019-10-11 09:14:28.936 DEBUG application 8303 _a-0000e2a8-8f19-8000-ffe9-01ef9001ef90_51322 Adding valid associated objects to be exported: GlobalBindingMap[datatype={{urn:com:appian:types:fr}fr_Flight_reservation=3360, {urn:com:appian:types:fs}flight_status=3368},dataStore={_a-0000e2a8-8f19-8000-ffe9-01ef9001ef90_51327=8305, _a-0000e2a8-8f19-8000-ffe9-01ef9001ef90_51427=8630},content={_a-0000e2a8-8f19-8000-ffe9-01ef9001ef90_51339=8335, _a-0000e2a8-8f19-8000-ffe9-01ef9001ef90_51348=8311, _a-0000e2a8-8f19-8000-ffe9-01ef9001ef90_51366=8312, _a-0000e2a8-8f19-8000-ffe9-01ef9001ef90_51371=8316, _a-0000e2a8-8f19-8000-ffe9-01ef9001ef90_51388=8337, _a-0000e2a8-8f19-8000-ffe9-01ef9001ef90_51397=8338, _a-0000e2a8-8f19-8000-ffe9-01ef9001ef90_51406=8346, _a-0000e2a8-8f19-8000-ffe9-01ef9001ef90_51415=8345, _a-0000e2a8-8f19-8000-ffe9-01ef9001ef90_51439=8344},processModel={0002e2be-e2d9-8000-ffe9-014d98014d98=441}]
2019-10-11 09:14:28.939 DEBUG application 8303 _a-0000e2a8-8f19-8000-ffe9-01ef9001ef90_51322 Setting uuids of object references.
2019-10-11 09:14:29.005 DEBUG application 8303 _a-0000e2a8-8f19-8000-ffe9-01ef9001ef90_51322 Processing reference: Application.forum
2019-10-11 09:14:29.009 DEBUG application 8303 _a-0000e2a8-8f19-8000-ffe9-01ef9001ef90_51322 Processing reference: Application.parent
2019-10-11 09:14:29.034 DEBUG application 8303 _a-0000e2a8-8f19-8000-ffe9-01ef9001ef90_51322 Processing reference: com.appiancorp.suiteapi.content.ContentRoleMap@8099bbf[
  ContentRole[name=readers,inherit=false,allowForAll=false]
  ContentRole[name=authors,inherit=false,allowForAll=false]
  ContentRole[name=administrators,usernames=[bhavana_i],inherit=false,allowForAll=false]
  ContentRole[name=denyReaders,inherit=false,allowForAll=false]
  ContentRole[name=denyAuthors,inherit=false,allowForAll=false]
  ContentRole[name=denyAdministrators,inherit=false,allowForAll=false]
  securityVector=129:SEC_PUBLIC=true,SEC_CREATOR_ADMIN=true,SEC_INH_ADMIN=false,SEC_INH_EDITOR=false,SEC_INH_VIEWER=false,SEC_ALL_ADMIN=false,SEC_ALL_EDITOR=false,SEC_ALL_VIEWER=false
]
2019-10-11 09:14:29.035 DEBUG application 8303 _a-0000e2a8-8f19-8000-ffe9-01ef9001ef90_51322 Processing reference: ContentRole[name=readers,inherit=false,allowForAll=false]
2019-10-11 09:14:29.036 DEBUG application 8303 _a-0000e2a8-8f19-8000-ffe9-01ef9001ef90_51322 Processing reference: ContentRole[name=authors,inherit=false,allowForAll=false]
2019-10-11 09:14:29.036 DEBUG application 8303 _a-0000e2a8-8f19-8000-ffe9-01ef9001ef90_51322 Processing reference: ContentRole[name=administrators,usernames=[bhavana_i],inherit=false,allowForAll=false]
2019-10-11 09:14:29.042 DEBUG application 8303 _a-0000e2a8-8f19-8000-ffe9-01ef9001ef90_51322 Processing reference: ContentRole[name=denyReaders,inherit=false,allowForAll=false]
2019-10-11 09:14:29.043 DEBUG application 8303 _a-0000e2a8-8f19-8000-ffe9-01ef9001ef90_51322 Processing reference: ContentRole[name=denyAuthors,inherit=false,allowForAll=false]
2019-10-11 09:14:29.044 DEBUG application 8303 _a-0000e2a8-8f19-8000-ffe9-01ef9001ef90_51322 Processing reference: ContentRole[name=denyAdministrators,inherit=false,allowForAll=false]
2019-10-11 09:14:29.049 DEBUG datatype 3360 {urn:com:appian:types:fr}fr_Flight_reservation Begin transport.
2019-10-11 09:14:29.049 DEBUG datatype 3360 {urn:com:appian:types:fr}fr_Flight_reservation Retrieving object data.
2019-10-11 09:14:29.413 DEBUG datatype 3360 {urn:com:appian:types:fr}fr_Flight_reservation Setting uuids of object references.
2019-10-11 09:14:29.43 DEBUG datatype 3360 {urn:com:appian:types:fr}fr_Flight_reservation Completing produce.
2019-10-11 09:14:29.431 DEBUG datatype 3360 {urn:com:appian:types:fr}fr_Flight_reservation Exporting binary resources.
2019-10-11 09:14:29.431 DEBUG datatype 3360 {urn:com:appian:types:fr}fr_Flight_reservation Serializing object to XML.
2019-10-11 09:14:29.434 DEBUG datatype 3360 {urn:com:appian:types:fr}fr_Flight_reservation Object transported.
2019-10-11 09:14:29.434 DEBUG datatype 3368 {urn:com:appian:types:fs}flight_status Begin transport.
2019-10-11 09:14:29.434 DEBUG datatype 3368 {urn:com:appian:types:fs}flight_status Retrieving object data.
2019-10-11 09:14:29.523 DEBUG datatype 3368 {urn:com:appian:types:fs}flight_status Setting uuids of object references.
2019-10-11 09:14:29.525 DEBUG datatype 3368 {urn:com:appian:types:fs}flight_status Completing produce.
2019-10-11 09:14:29.525 DEBUG datatype 3368 {urn:com:appian:types:fs}flight_status Exporting binary resources.
2019-10-11 09:14:29.525 DEBUG datatype 3368 {urn:com:appian:types:fs}flight_status Serializing object to XML.
2019-10-11 09:14:29.526 DEBUG datatype 3368 {urn:com:appian:types:fs}flight_status Object transported.
2019-10-11 09:14:29.535 DEBUG dataStore 8305 _a-0000e2a8-8f19-8000-ffe9-01ef9001ef90_51327 Begin transport.
2019-10-11 09:14:29.536 DEBUG dataStore 8305 _a-0000e2a8-8f19-8000-ffe9-01ef9001ef90_51327 Retrieving object data.
2019-10-11 09:14:29.549 DEBUG dataStore 8305 _a-0000e2a8-8f19-8000-ffe9-01ef9001ef90_51327 Setting uuids of object references.
2019-10-11 09:14:29.558 DEBUG dataStore 8305 _a-0000e2a8-8f19-8000-ffe9-01ef9001ef90_51327 Processing reference: datatypeRef[id=3360]
2019-10-11 09:14:29.562 DEBUG dataStore 8305 _a-0000e2a8-8f19-8000-ffe9-01ef9001ef90_51327 Processing reference: ContentRole[name=administrators,usernames=[bhavana_i],inherit=false,allowForAll=false]
2019-10-11 09:14:29.568 DEBUG dataStore 8305 _a-0000e2a8-8f19-8000-ffe9-01ef9001ef90_51327 Processing reference: ContentRole[name=authors,inherit=false,allowForAll=false]
2019-10-11 09:14:29.569 DEBUG dataStore 8305 _a-0000e2a8-8f19-8000-ffe9-01ef9001ef90_51327 Processing reference: ContentRole[name=denyAdministrators,inherit=false,allowForAll=false]
2019-10-11 09:14:29.57 DEBUG dataStore 8305 _a-0000e2a8-8f19-8000-ffe9-01ef9001ef90_51327 Processing reference: ContentRole[name=denyAuthors,inherit=false,allowForAll=false]
2019-10-11 09:14:29.57 DEBUG dataStore 8305 _a-0000e2a8-8f19-8000-ffe9-01ef9001ef90_51327 Processing reference: ContentRole[name=denyReaders,inherit=false,allowForAll=false]
2019-10-11 09:14:29.571 DEBUG dataStore 8305 _a-0000e2a8-8f19-8000-ffe9-01ef9001ef90_51327 Processing reference: ContentRole[name=readers,inherit=false,allowForAll=false]
2019-10-11 09:14:29.572 DEBUG dataStore 8305 _a-0000e2a8-8f19-8000-ffe9-01ef9001ef90_51327 Completing produce.
2019-10-11 09:14:29.572 DEBUG dataStore 8305 _a-0000e2a8-8f19-8000-ffe9-01ef9001ef90_51327 Exporting binary resources.
2019-10-11 09:14:29.572 DEBUG dataStore 8305 _a-0000e2a8-8f19-8000-ffe9-01ef9001ef90_51327 Serializing object to XML.
2019-10-11 09:14:31.674 DEBUG dataStore 8305 _a-0000e2a8-8f19-8000-ffe9-01ef9001ef90_51327 Object transported.
2019-10-11 09:14:31.674 DEBUG dataStore 8630 _a-0000e2a8-8f19-8000-ffe9-01ef9001ef90_51427 Begin transport.
2019-10-11 09:14:31.674 DEBUG dataStore 8630 _a-0000e2a8-8f19-8000-ffe9-01ef9001ef90_51427 Retrieving object data.
2019-10-11 09:14:31.702 DEBUG dataStore 8630 _a-0000e2a8-8f19-8000-ffe9-01ef9001ef90_51427 Setting uuids of object references.
2019-10-11 09:14:31.704 DEBUG dataStore 8630 _a-0000e2a8-8f19-8000-ffe9-01ef9001ef90_51427 Processing reference: datatypeRef[id=3368]
2019-10-11 09:14:31.707 DEBUG dataStore 8630 _a-0000e2a8-8f19-8000-ffe9-01ef9001ef90_51427 Processing reference: ContentRole[name=administrators,usernames=[bhavana_i],inherit=false,allowForAll=false]
2019-10-11 09:14:31.713 DEBUG dataStore 8630 _a-0000e2a8-8f19-8000-ffe9-01ef9001ef90_51427 Processing reference: ContentRole[name=authors,inherit=false,allowForAll=false]
2019-10-11 09:14:31.714 DEBUG dataStore 8630 _a-0000e2a8-8f19-8000-ffe9-01ef9001ef90_51427 Processing reference: ContentRole[name=denyAdministrators,inherit=false,allowForAll=false]
2019-10-11 09:14:31.714 DEBUG dataStore 8630 _a-0000e2a8-8f19-8000-ffe9-01ef9001ef90_51427 Processing reference: ContentRole[name=denyAuthors,inherit=false,allowForAll=false]
2019-10-11 09:14:31.715 DEBUG dataStore 8630 _a-0000e2a8-8f19-8000-ffe9-01ef9001ef90_51427 Processing reference: ContentRole[name=denyReaders,inherit=false,allowForAll=false]
2019-10-11 09:14:31.716 DEBUG dataStore 8630 _a-0000e2a8-8f19-8000-ffe9-01ef9001ef90_51427 Processing reference: ContentRole[name=readers,inherit=false,allowForAll=false]
2019-10-11 09:14:31.716 DEBUG dataStore 8630 _a-0000e2a8-8f19-8000-ffe9-01ef9001ef90_51427 Completing produce.
2019-10-11 09:14:31.716 DEBUG dataStore 8630 _a-0000e2a8-8f19-8000-ffe9-01ef9001ef90_51427 Exporting binary resources.
2019-10-11 09:14:31.716 DEBUG dataStore 8630 _a-0000e2a8-8f19-8000-ffe9-01ef9001ef90_51427 Serializing object to XML.
2019-10-11 09:14:31.718 DEBUG dataStore 8630 _a-0000e2a8-8f19-8000-ffe9-01ef9001ef90_51427 Object transported.
2019-10-11 09:14:31.729 DEBUG content 8335 _a-0000e2a8-8f19-8000-ffe9-01ef9001ef90_51339 Begin transport.
2019-10-11 09:14:31.729 DEBUG content 8335 _a-0000e2a8-8f19-8000-ffe9-01ef9001ef90_51339 Retrieving object data.
2019-10-11 09:14:31.77 DEBUG content 8335 _a-0000e2a8-8f19-8000-ffe9-01ef9001ef90_51339 Setting uuids of object references.
2019-10-11 09:14:31.771 DEBUG content 8335 _a-0000e2a8-8f19-8000-ffe9-01ef9001ef90_51339 Processing reference: [Content:id=8306,versionId=-1,name=flight_booking,type=32,subtype=6,uuid=_a-0000e2a8-8f19-8000-ffe9-01ef9001ef90_51339,parent=6588]
2019-10-11 09:14:31.796 DEBUG content 8335 _a-0000e2a8-8f19-8000-ffe9-01ef9001ef90_51339 Processing reference: Interface.forum
2019-10-11 09:14:31.798 DEBUG content 8335 _a-0000e2a8-8f19-8000-ffe9-01ef9001ef90_51339 Processing reference: TypedVariable[name=fr_Flight_reservation,it=3360,v=<null>]
2019-10-11 09:14:31.82 DEBUG content 8335 _a-0000e2a8-8f19-8000-ffe9-01ef9001ef90_51339 Processing reference: TypedVariable[name=cancel,it=26,v=<null>]
2019-10-11 09:14:31.821 DEBUG content 8335 _a-0000e2a8-8f19-8000-ffe9-01ef9001ef90_51339 Processing reference: TypedVariable[name=readOnly,it=26,v=<null>]
2019-10-11 09:14:31.821 DEBUG content 8335 _a-0000e2a8-8f19-8000-ffe9-01ef9001ef90_51339 Processing reference: TypedVariable[name=submit,it=26,v=<null>]
2019-10-11 09:14:31.822 DEBUG content 8335 _a-0000e2a8-8f19-8000-ffe9-01ef9001ef90_51339 Processing reference: Interface.parent
2019-10-11 09:14:31.833 DEBUG content 8335 _a-0000e2a8-8f19-8000-ffe9-01ef9001ef90_51339 Processing reference: com.appiancorp.suiteapi.content.ContentRoleMap@3a2f84a4[
  ContentRole[name=readers,inherit=true,allowForAll=false]
  ContentRole[name=authors,inherit=true,allowForAll=false]
  ContentRole[name=administrators,usernames=[bhavana_i],inherit=true,allowForAll=false]
  ContentRole[name=denyReaders,inherit=false,allowForAll=false]
  ContentRole[name=denyAuthors,inherit=false,allowForAll=false]
  ContentRole[name=denyAdministrators,inherit=false,allowForAll=false]
  securityVector=143:SEC_PUBLIC=true,SEC_CREATOR_ADMIN=true,SEC_INH_ADMIN=true,SEC_INH_EDITOR=true,SEC_INH_VIEWER=true,SEC_ALL_ADMIN=false,SEC_ALL_EDITOR=false,SEC_ALL_VIEWER=false
]
2019-10-11 09:14:31.833 DEBUG content 8335 _a-0000e2a8-8f19-8000-ffe9-01ef9001ef90_51339 Processing reference: ContentRole[name=readers,inherit=true,allowForAll=false]
2019-10-11 09:14:31.834 DEBUG content 8335 _a-0000e2a8-8f19-8000-ffe9-01ef9001ef90_51339 Processing reference: ContentRole[name=authors,inherit=true,allowForAll=false]
2019-10-11 09:14:31.834 DEBUG content 8335 _a-0000e2a8-8f19-8000-ffe9-01ef9001ef90_51339 Processing reference: ContentRole[name=administrators,usernames=[bhavana_i],inherit=true,allowForAll=false]
2019-10-11 09:14:31.839 DEBUG content 8335 _a-0000e2a8-8f19-8000-ffe9-01ef9001ef90_51339 Processing reference: ContentRole[name=denyReaders,inherit=false,allowForAll=false]
2019-10-11 09:14:31.839 DEBUG content 8335 _a-0000e2a8-8f19-8000-ffe9-01ef9001ef90_51339 Processing reference: ContentRole[name=denyAuthors,inherit=false,allowForAll=false]
2019-10-11 09:14:31.84 DEBUG content 8335 _a-0000e2a8-8f19-8000-ffe9-01ef9001ef90_51339 Processing reference: ContentRole[name=denyAdministrators,inherit=false,allowForAll=false]
2019-10-11 09:14:31.841 DEBUG content 8335 _a-0000e2a8-8f19-8000-ffe9-01ef9001ef90_51339 Completing produce.
2019-10-11 09:14:31.841 DEBUG content 8335 _a-0000e2a8-8f19-8000-ffe9-01ef9001ef90_51339 Exporting binary resources.
2019-10-11 09:14:31.841 DEBUG content 8335 _a-0000e2a8-8f19-8000-ffe9-01ef9001ef90_51339 Serializing object to XML.
2019-10-11 09:14:31.97 DEBUG content 8335 _a-0000e2a8-8f19-8000-ffe9-01ef9001ef90_51339 Object transported.
2019-10-11 09:14:31.97 DEBUG content 8311 _a-0000e2a8-8f19-8000-ffe9-01ef9001ef90_51348 Begin transport.
2019-10-11 09:14:31.97 DEBUG content 8311 _a-0000e2a8-8f19-8000-ffe9-01ef9001ef90_51348 Retrieving object data.
2019-10-11 09:14:32.018 DEBUG content 8311 _a-0000e2a8-8f19-8000-ffe9-01ef9001ef90_51348 Setting uuids of object references.
2019-10-11 09:14:32.019 DEBUG content 8311 _a-0000e2a8-8f19-8000-ffe9-01ef9001ef90_51348 Processing reference: [Content:id=8308,versionId=-1,name=flight_details,type=32,subtype=6,uuid=_a-0000e2a8-8f19-8000-ffe9-01ef9001ef90_51348,parent=6588]
2019-10-11 09:14:32.022 DEBUG content 8311 _a-0000e2a8-8f19-8000-ffe9-01ef9001ef90_51348 Processing reference: Interface.forum
2019-10-11 09:14:32.024 DEBUG content 8311 _a-0000e2a8-8f19-8000-ffe9-01ef9001ef90_51348 Processing reference: TypedVariable[name=fr_Flight_reservation,it=3360,v=<null>]
2019-10-11 09:14:32.024 DEBUG content 8311 _a-0000e2a8-8f19-8000-ffe9-01ef9001ef90_51348 Processing reference: TypedVariable[name=cancel,it=26,v=<null>]
2019-10-11 09:14:32.025 DEBUG content 8311 _a-0000e2a8-8f19-8000-ffe9-01ef9001ef90_51348 Processing reference: TypedVariable[name=readOnly,it=26,v=<null>]
2019-10-11 09:14:32.025 DEBUG content 8311 _a-0000e2a8-8f19-8000-ffe9-01ef9001ef90_51348 Processing reference: TypedVariable[name=submit,it=26,v=<null>]
2019-10-11 09:14:32.026 DEBUG content 8311 _a-0000e2a8-8f19-8000-ffe9-01ef9001ef90_51348 Processing reference: Interface.parent
2019-10-11 09:14:32.036 DEBUG content 8311 _a-0000e2a8-8f19-8000-ffe9-01ef9001ef90_51348 Processing reference: com.appiancorp.suiteapi.content.ContentRoleMap@e387c1a[
  ContentRole[name=readers,inherit=true,allowForAll=false]
  ContentRole[name=authors,inherit=true,allowForAll=false]
  ContentRole[name=administrators,usernames=[bhavana_i],inherit=true,allowForAll=false]
  ContentRole[name=denyReaders,inherit=false,allowForAll=false]
  ContentRole[name=denyAuthors,inherit=false,allowForAll=false]
  ContentRole[name=denyAdministrators,inherit=false,allowForAll=false]
  securityVector=143:SEC_PUBLIC=true,SEC_CREATOR_ADMIN=true,SEC_INH_ADMIN=true,SEC_INH_EDITOR=true,SEC_INH_VIEWER=true,SEC_ALL_ADMIN=false,SEC_ALL_EDITOR=false,SEC_ALL_VIEWER=false
]
2019-10-11 09:14:32.036 DEBUG content 8311 _a-0000e2a8-8f19-8000-ffe9-01ef9001ef90_51348 Processing reference: ContentRole[name=readers,inherit=true,allowForAll=false]
2019-10-11 09:14:32.037 DEBUG content 8311 _a-0000e2a8-8f19-8000-ffe9-01ef9001ef90_51348 Processing reference: ContentRole[name=authors,inherit=true,allowForAll=false]
2019-10-11 09:14:32.037 DEBUG content 8311 _a-0000e2a8-8f19-8000-ffe9-01ef9001ef90_51348 Processing reference: ContentRole[name=administrators,usernames=[bhavana_i],inherit=true,allowForAll=false]
2019-10-11 09:14:32.042 DEBUG content 8311 _a-0000e2a8-8f19-8000-ffe9-01ef9001ef90_51348 Processing reference: ContentRole[name=denyReaders,inherit=false,allowForAll=false]
2019-10-11 09:14:32.042 DEBUG content 8311 _a-0000e2a8-8f19-8000-ffe9-01ef9001ef90_51348 Processing reference: ContentRole[name=denyAuthors,inherit=false,allowForAll=false]
2019-10-11 09:14:32.042 DEBUG content 8311 _a-0000e2a8-8f19-8000-ffe9-01ef9001ef90_51348 Processing reference: ContentRole[name=denyAdministrators,inherit=false,allowForAll=false]
2019-10-11 09:14:32.043 DEBUG content 8311 _a-0000e2a8-8f19-8000-ffe9-01ef9001ef90_51348 Completing produce.
2019-10-11 09:14:32.043 DEBUG content 8311 _a-0000e2a8-8f19-8000-ffe9-01ef9001ef90_51348 Exporting binary resources.
2019-10-11 09:14:32.043 DEBUG content 8311 _a-0000e2a8-8f19-8000-ffe9-01ef9001ef90_51348 Serializing object to XML.
2019-10-11 09:14:32.09 DEBUG content 8311 _a-0000e2a8-8f19-8000-ffe9-01ef9001ef90_51348 Object transported.
2019-10-11 09:14:32.09 DEBUG content 8312 _a-0000e2a8-8f19-8000-ffe9-01ef9001ef90_51366 Begin transport.
2019-10-11 09:14:32.09 DEBUG content 8312 _a-0000e2a8-8f19-8000-ffe9-01ef9001ef90_51366 Retrieving object data.
2019-10-11 09:14:32.12 DEBUG content 8312 _a-0000e2a8-8f19-8000-ffe9-01ef9001ef90_51366 Setting uuids of object references.
2019-10-11 09:14:32.121 DEBUG content 8312 _a-0000e2a8-8f19-8000-ffe9-01ef9001ef90_51366 Processing reference: [Content:id=8312,versionId=-1,name=er6,type=32,subtype=1,uuid=_a-0000e2a8-8f19-8000-ffe9-01ef9001ef90_51366,parent=6627]
2019-10-11 09:14:32.122 DEBUG content 8312 _a-0000e2a8-8f19-8000-ffe9-01ef9001ef90_51366 Processing reference: FreeformRule.forum
2019-10-11 09:14:32.124 DEBUG content 8312 _a-0000e2a8-8f19-8000-ffe9-01ef9001ef90_51366 Processing reference: FreeformRule.parent
2019-10-11 09:14:32.134 DEBUG content 8312 _a-0000e2a8-8f19-8000-ffe9-01ef9001ef90_51366 Processing reference: com.appiancorp.suiteapi.content.ContentRoleMap@383e954c[
  ContentRole[name=readers,inherit=true,allowForAll=false]
  ContentRole[name=authors,inherit=true,allowForAll=false]
  ContentRole[name=administrators,usernames=[bhavana_i],inherit=true,allowForAll=false]
  ContentRole[name=denyReaders,inherit=false,allowForAll=false]
  ContentRole[name=denyAuthors,inherit=false,allowForAll=false]
  ContentRole[name=denyAdministrators,inherit=false,allowForAll=false]
  securityVector=143:SEC_PUBLIC=true,SEC_CREATOR_ADMIN=true,SEC_INH_ADMIN=true,SEC_INH_EDITOR=true,SEC_INH_VIEWER=true,SEC_ALL_ADMIN=false,SEC_ALL_EDITOR=false,SEC_ALL_VIEWER=false
]
2019-10-11 09:14:32.134 DEBUG content 8312 _a-0000e2a8-8f19-8000-ffe9-01ef9001ef90_51366 Processing reference: ContentRole[name=readers,inherit=true,allowForAll=false]
2019-10-11 09:14:32.135 DEBUG content 8312 _a-0000e2a8-8f19-8000-ffe9-01ef9001ef90_51366 Processing reference: ContentRole[name=authors,inherit=true,allowForAll=false]
2019-10-11 09:14:32.135 DEBUG content 8312 _a-0000e2a8-8f19-8000-ffe9-01ef9001ef90_51366 Processing reference: ContentRole[name=administrators,usernames=[bhavana_i],inherit=true,allowForAll=false]
2019-10-11 09:14:32.145 DEBUG content 8312 _a-0000e2a8-8f19-8000-ffe9-01ef9001ef90_51366 Processing reference: ContentRole[name=denyReaders,inherit=false,allowForAll=false]
2019-10-11 09:14:32.146 DEBUG content 8312 _a-0000e2a8-8f19-8000-ffe9-01ef9001ef90_51366 Processing reference: ContentRole[name=denyAuthors,inherit=false,allowForAll=false]
2019-10-11 09:14:32.146 DEBUG content 8312 _a-0000e2a8-8f19-8000-ffe9-01ef9001ef90_51366 Processing reference: ContentRole[name=denyAdministrators,inherit=false,allowForAll=false]
2019-10-11 09:14:32.148 DEBUG content 8312 _a-0000e2a8-8f19-8000-ffe9-01ef9001ef90_51366 Completing produce.
2019-10-11 09:14:32.148 DEBUG content 8312 _a-0000e2a8-8f19-8000-ffe9-01ef9001ef90_51366 Exporting binary resources.
2019-10-11 09:14:32.148 DEBUG content 8312 _a-0000e2a8-8f19-8000-ffe9-01ef9001ef90_51366 Serializing object to XML.
2019-10-11 09:14:32.15 DEBUG content 8312 _a-0000e2a8-8f19-8000-ffe9-01ef9001ef90_51366 Object transported.
2019-10-11 09:14:32.15 DEBUG content 8316 _a-0000e2a8-8f19-8000-ffe9-01ef9001ef90_51371 Begin transport.
2019-10-11 09:14:32.15 DEBUG content 8316 _a-0000e2a8-8f19-8000-ffe9-01ef9001ef90_51371 Retrieving object data.
2019-10-11 09:14:32.186 DEBUG content 8316 _a-0000e2a8-8f19-8000-ffe9-01ef9001ef90_51371 Setting uuids of object references.
2019-10-11 09:14:32.186 DEBUG content 8316 _a-0000e2a8-8f19-8000-ffe9-01ef9001ef90_51371 Processing reference: [Content:id=8313,versionId=-1,name=contact_detail,type=32,subtype=6,uuid=_a-0000e2a8-8f19-8000-ffe9-01ef9001ef90_51371,parent=6588]
2019-10-11 09:14:32.191 DEBUG content 8316 _a-0000e2a8-8f19-8000-ffe9-01ef9001ef90_51371 Processing reference: Interface.forum
2019-10-11 09:14:32.192 DEBUG content 8316 _a-0000e2a8-8f19-8000-ffe9-01ef9001ef90_51371 Processing reference: TypedVariable[name=fr_Flight_reservation,it=3360,v=<null>]
2019-10-11 09:14:32.193 DEBUG content 8316 _a-0000e2a8-8f19-8000-ffe9-01ef9001ef90_51371 Processing reference: TypedVariable[name=cancel,it=26,v=<null>]
2019-10-11 09:14:32.194 DEBUG content 8316 _a-0000e2a8-8f19-8000-ffe9-01ef9001ef90_51371 Processing reference: TypedVariable[name=readOnly,it=26,v=<null>]
2019-10-11 09:14:32.194 DEBUG content 8316 _a-0000e2a8-8f19-8000-ffe9-01ef9001ef90_51371 Processing reference: TypedVariable[name=submit,it=26,v=<null>]
2019-10-11 09:14:32.195 DEBUG content 8316 _a-0000e2a8-8f19-8000-ffe9-01ef9001ef90_51371 Processing reference: Interface.parent
2019-10-11 09:14:32.205 DEBUG content 8316 _a-0000e2a8-8f19-8000-ffe9-01ef9001ef90_51371 Processing reference: com.appiancorp.suiteapi.content.ContentRoleMap@2cad9a85[
  ContentRole[name=readers,inherit=true,allowForAll=false]
  ContentRole[name=authors,inherit=true,allowForAll=false]
  ContentRole[name=administrators,usernames=[bhavana_i],inherit=true,allowForAll=false]
  ContentRole[name=denyReaders,inherit=false,allowForAll=false]
  ContentRole[name=denyAuthors,inherit=false,allowForAll=false]
  ContentRole[name=denyAdministrators,inherit=false,allowForAll=false]
  securityVector=143:SEC_PUBLIC=true,SEC_CREATOR_ADMIN=true,SEC_INH_ADMIN=true,SEC_INH_EDITOR=true,SEC_INH_VIEWER=true,SEC_ALL_ADMIN=false,SEC_ALL_EDITOR=false,SEC_ALL_VIEWER=false
]
2019-10-11 09:14:32.205 DEBUG content 8316 _a-0000e2a8-8f19-8000-ffe9-01ef9001ef90_51371 Processing reference: ContentRole[name=readers,inherit=true,allowForAll=false]
2019-10-11 09:14:32.206 DEBUG content 8316 _a-0000e2a8-8f19-8000-ffe9-01ef9001ef90_51371 Processing reference: ContentRole[name=authors,inherit=true,allowForAll=false]
2019-10-11 09:14:32.206 DEBUG content 8316 _a-0000e2a8-8f19-8000-ffe9-01ef9001ef90_51371 Processing reference: ContentRole[name=administrators,usernames=[bhavana_i],inherit=true,allowForAll=false]
2019-10-11 09:14:32.213 DEBUG content 8316 _a-0000e2a8-8f19-8000-ffe9-01ef9001ef90_51371 Processing reference: ContentRole[name=denyReaders,inherit=false,allowForAll=false]
2019-10-11 09:14:32.214 DEBUG content 8316 _a-0000e2a8-8f19-8000-ffe9-01ef9001ef90_51371 Processing reference: ContentRole[name=denyAuthors,inherit=false,allowForAll=false]
2019-10-11 09:14:32.215 DEBUG content 8316 _a-0000e2a8-8f19-8000-ffe9-01ef9001ef90_51371 Processing reference: ContentRole[name=denyAdministrators,inherit=false,allowForAll=false]
2019-10-11 09:14:32.217 DEBUG content 8316 _a-0000e2a8-8f19-8000-ffe9-01ef9001ef90_51371 Completing produce.
2019-10-11 09:14:32.217 DEBUG content 8316 _a-0000e2a8-8f19-8000-ffe9-01ef9001ef90_51371 Exporting binary resources.
2019-10-11 09:14:32.217 DEBUG content 8316 _a-0000e2a8-8f19-8000-ffe9-01ef9001ef90_51371 Serializing object to XML.
2019-10-11 09:14:32.256 DEBUG content 8316 _a-0000e2a8-8f19-8000-ffe9-01ef9001ef90_51371 Object transported.
2019-10-11 09:14:32.256 DEBUG content 8337 _a-0000e2a8-8f19-8000-ffe9-01ef9001ef90_51388 Begin transport.
2019-10-11 09:14:32.256 DEBUG content 8337 _a-0000e2a8-8f19-8000-ffe9-01ef9001ef90_51388 Retrieving object data.
2019-10-11 09:14:32.294 DEBUG content 8337 _a-0000e2a8-8f19-8000-ffe9-01ef9001ef90_51388 Setting uuids of object references.
2019-10-11 09:14:32.294 DEBUG content 8337 _a-0000e2a8-8f19-8000-ffe9-01ef9001ef90_51388 Processing reference: [Content:id=8317,versionId=-1,name=Add_passenger_detail,type=32,subtype=6,uuid=_a-0000e2a8-8f19-8000-ffe9-01ef9001ef90_51388,parent=6588]
2019-10-11 09:14:32.303 DEBUG content 8337 _a-0000e2a8-8f19-8000-ffe9-01ef9001ef90_51388 Processing reference: Interface.forum
2019-10-11 09:14:32.306 DEBUG content 8337 _a-0000e2a8-8f19-8000-ffe9-01ef9001ef90_51388 Processing reference: TypedVariable[name=fr_Flight_reservation,it=3360,v=<null>]
2019-10-11 09:14:32.306 DEBUG content 8337 _a-0000e2a8-8f19-8000-ffe9-01ef9001ef90_51388 Processing reference: TypedVariable[name=cancel,it=26,v=<null>]
2019-10-11 09:14:32.307 DEBUG content 8337 _a-0000e2a8-8f19-8000-ffe9-01ef9001ef90_51388 Processing reference: TypedVariable[name=readOnly,it=26,v=<null>]
2019-10-11 09:14:32.307 DEBUG content 8337 _a-0000e2a8-8f19-8000-ffe9-01ef9001ef90_51388 Processing reference: TypedVariable[name=submit,it=26,v=<null>]
2019-10-11 09:14:32.308 DEBUG content 8337 _a-0000e2a8-8f19-8000-ffe9-01ef9001ef90_51388 Processing reference: Interface.parent
2019-10-11 09:14:32.324 DEBUG content 8337 _a-0000e2a8-8f19-8000-ffe9-01ef9001ef90_51388 Processing reference: com.appiancorp.suiteapi.content.ContentRoleMap@2387340d[
  ContentRole[name=readers,inherit=true,allowForAll=false]
  ContentRole[name=authors,inherit=true,allowForAll=false]
  ContentRole[name=administrators,usernames=[bhavana_i],inherit=true,allowForAll=false]
  ContentRole[name=denyReaders,inherit=false,allowForAll=false]
  ContentRole[name=denyAuthors,inherit=false,allowForAll=false]
  ContentRole[name=denyAdministrators,inherit=false,allowForAll=false]
  securityVector=143:SEC_PUBLIC=true,SEC_CREATOR_ADMIN=true,SEC_INH_ADMIN=true,SEC_INH_EDITOR=true,SEC_INH_VIEWER=true,SEC_ALL_ADMIN=false,SEC_ALL_EDITOR=false,SEC_ALL_VIEWER=false
]
2019-10-11 09:14:32.324 DEBUG content 8337 _a-0000e2a8-8f19-8000-ffe9-01ef9001ef90_51388 Processing reference: ContentRole[name=readers,inherit=true,allowForAll=false]
2019-10-11 09:14:32.325 DEBUG content 8337 _a-0000e2a8-8f19-8000-ffe9-01ef9001ef90_51388 Processing reference: ContentRole[name=authors,inherit=true,allowForAll=false]
2019-10-11 09:14:32.325 DEBUG content 8337 _a-0000e2a8-8f19-8000-ffe9-01ef9001ef90_51388 Processing reference: ContentRole[name=administrators,usernames=[bhavana_i],inherit=true,allowForAll=false]
2019-10-11 09:14:32.329 DEBUG content 8337 _a-0000e2a8-8f19-8000-ffe9-01ef9001ef90_51388 Processing reference: ContentRole[name=denyReaders,inherit=false,allowForAll=false]
2019-10-11 09:14:32.329 DEBUG content 8337 _a-0000e2a8-8f19-8000-ffe9-01ef9001ef90_51388 Processing reference: ContentRole[name=denyAuthors,inherit=false,allowForAll=false]
2019-10-11 09:14:32.329 DEBUG content 8337 _a-0000e2a8-8f19-8000-ffe9-01ef9001ef90_51388 Processing reference: ContentRole[name=denyAdministrators,inherit=false,allowForAll=false]
2019-10-11 09:14:32.329 DEBUG content 8337 _a-0000e2a8-8f19-8000-ffe9-01ef9001ef90_51388 Completing produce.
2019-10-11 09:14:32.329 DEBUG content 8337 _a-0000e2a8-8f19-8000-ffe9-01ef9001ef90_51388 Exporting binary resources.
2019-10-11 09:14:32.329 DEBUG content 8337 _a-0000e2a8-8f19-8000-ffe9-01ef9001ef90_51388 Serializing object to XML.
2019-10-11 09:14:32.362 DEBUG content 8337 _a-0000e2a8-8f19-8000-ffe9-01ef9001ef90_51388 Object transported.
2019-10-11 09:14:32.362 DEBUG content 8338 _a-0000e2a8-8f19-8000-ffe9-01ef9001ef90_51397 Begin transport.
2019-10-11 09:14:32.362 DEBUG content 8338 _a-0000e2a8-8f19-8000-ffe9-01ef9001ef90_51397 Retrieving object data.
2019-10-11 09:14:32.423 DEBUG content 8338 _a-0000e2a8-8f19-8000-ffe9-01ef9001ef90_51397 Setting uuids of object references.
2019-10-11 09:14:32.424 DEBUG content 8338 _a-0000e2a8-8f19-8000-ffe9-01ef9001ef90_51397 Processing reference: [Content:id=8319,versionId=-1,name=seat_selection,type=32,subtype=6,uuid=_a-0000e2a8-8f19-8000-ffe9-01ef9001ef90_51397,parent=6588]
2019-10-11 09:14:32.429 DEBUG content 8338 _a-0000e2a8-8f19-8000-ffe9-01ef9001ef90_51397 Processing reference: Interface.forum
2019-10-11 09:14:32.431 DEBUG content 8338 _a-0000e2a8-8f19-8000-ffe9-01ef9001ef90_51397 Processing reference: TypedVariable[name=fr_Flight_reservation,it=3360,v=<null>]
2019-10-11 09:14:32.432 DEBUG content 8338 _a-0000e2a8-8f19-8000-ffe9-01ef9001ef90_51397 Processing reference: TypedVariable[name=cancel,it=26,v=<null>]
2019-10-11 09:14:32.432 DEBUG content 8338 _a-0000e2a8-8f19-8000-ffe9-01ef9001ef90_51397 Processing reference: TypedVariable[name=readOnly,it=26,v=<null>]
2019-10-11 09:14:32.432 DEBUG content 8338 _a-0000e2a8-8f19-8000-ffe9-01ef9001ef90_51397 Processing reference: TypedVariable[name=submit,it=26,v=<null>]
2019-10-11 09:14:32.434 DEBUG content 8338 _a-0000e2a8-8f19-8000-ffe9-01ef9001ef90_51397 Processing reference: Interface.parent
2019-10-11 09:14:32.444 DEBUG content 8338 _a-0000e2a8-8f19-8000-ffe9-01ef9001ef90_51397 Processing reference: com.appiancorp.suiteapi.content.ContentRoleMap@66da6a7d[
  ContentRole[name=readers,inherit=true,allowForAll=false]
  ContentRole[name=authors,inherit=true,allowForAll=false]
  ContentRole[name=administrators,usernames=[bhavana_i],inherit=true,allowForAll=false]
  ContentRole[name=denyReaders,inherit=false,allowForAll=false]
  ContentRole[name=denyAuthors,inherit=false,allowForAll=false]
  ContentRole[name=denyAdministrators,inherit=false,allowForAll=false]
  securityVector=143:SEC_PUBLIC=true,SEC_CREATOR_ADMIN=true,SEC_INH_ADMIN=true,SEC_INH_EDITOR=true,SEC_INH_VIEWER=true,SEC_ALL_ADMIN=false,SEC_ALL_EDITOR=false,SEC_ALL_VIEWER=false
]
2019-10-11 09:14:32.444 DEBUG content 8338 _a-0000e2a8-8f19-8000-ffe9-01ef9001ef90_51397 Processing reference: ContentRole[name=readers,inherit=true,allowForAll=false]
2019-10-11 09:14:32.445 DEBUG content 8338 _a-0000e2a8-8f19-8000-ffe9-01ef9001ef90_51397 Processing reference: ContentRole[name=authors,inherit=true,allowForAll=false]
2019-10-11 09:14:32.446 DEBUG content 8338 _a-0000e2a8-8f19-8000-ffe9-01ef9001ef90_51397 Processing reference: ContentRole[name=administrators,usernames=[bhavana_i],inherit=true,allowForAll=false]
2019-10-11 09:14:32.45 DEBUG content 8338 _a-0000e2a8-8f19-8000-ffe9-01ef9001ef90_51397 Processing reference: ContentRole[name=denyReaders,inherit=false,allowForAll=false]
2019-10-11 09:14:32.45 DEBUG content 8338 _a-0000e2a8-8f19-8000-ffe9-01ef9001ef90_51397 Processing reference: ContentRole[name=denyAuthors,inherit=false,allowForAll=false]
2019-10-11 09:14:32.451 DEBUG content 8338 _a-0000e2a8-8f19-8000-ffe9-01ef9001ef90_51397 Processing reference: ContentRole[name=denyAdministrators,inherit=false,allowForAll=false]
2019-10-11 09:14:32.452 DEBUG content 8338 _a-0000e2a8-8f19-8000-ffe9-01ef9001ef90_51397 Completing produce.
2019-10-11 09:14:32.452 DEBUG content 8338 _a-0000e2a8-8f19-8000-ffe9-01ef9001ef90_51397 Exporting binary resources.
2019-10-11 09:14:32.452 DEBUG content 8338 _a-0000e2a8-8f19-8000-ffe9-01ef9001ef90_51397 Serializing object to XML.
2019-10-11 09:14:32.487 DEBUG content 8338 _a-0000e2a8-8f19-8000-ffe9-01ef9001ef90_51397 Object transported.
2019-10-11 09:14:32.487 DEBUG content 8346 _a-0000e2a8-8f19-8000-ffe9-01ef9001ef90_51406 Begin transport.
2019-10-11 09:14:32.487 DEBUG content 8346 _a-0000e2a8-8f19-8000-ffe9-01ef9001ef90_51406 Retrieving object data.
2019-10-11 09:14:32.536 DEBUG content 8346 _a-0000e2a8-8f19-8000-ffe9-01ef9001ef90_51406 Setting uuids of object references.
2019-10-11 09:14:32.537 DEBUG content 8346 _a-0000e2a8-8f19-8000-ffe9-01ef9001ef90_51406 Processing reference: [Content:id=8321,versionId=-1,name=payment_page,type=32,subtype=6,uuid=_a-0000e2a8-8f19-8000-ffe9-01ef9001ef90_51406,parent=6588]
2019-10-11 09:14:32.541 DEBUG content 8346 _a-0000e2a8-8f19-8000-ffe9-01ef9001ef90_51406 Processing reference: Interface.forum
2019-10-11 09:14:32.543 DEBUG content 8346 _a-0000e2a8-8f19-8000-ffe9-01ef9001ef90_51406 Processing reference: TypedVariable[name=fr_Flight_reservation,it=3360,v=<null>]
2019-10-11 09:14:32.543 DEBUG content 8346 _a-0000e2a8-8f19-8000-ffe9-01ef9001ef90_51406 Processing reference: TypedVariable[name=cancel,it=26,v=<null>]
2019-10-11 09:14:32.544 DEBUG content 8346 _a-0000e2a8-8f19-8000-ffe9-01ef9001ef90_51406 Processing reference: TypedVariable[name=readOnly,it=26,v=<null>]
2019-10-11 09:14:32.545 DEBUG content 8346 _a-0000e2a8-8f19-8000-ffe9-01ef9001ef90_51406 Processing reference: TypedVariable[name=submit,it=26,v=<null>]
2019-10-11 09:14:32.545 DEBUG content 8346 _a-0000e2a8-8f19-8000-ffe9-01ef9001ef90_51406 Processing reference: Interface.parent
2019-10-11 09:14:32.555 DEBUG content 8346 _a-0000e2a8-8f19-8000-ffe9-01ef9001ef90_51406 Processing reference: com.appiancorp.suiteapi.content.ContentRoleMap@55238d4[
  ContentRole[name=readers,inherit=true,allowForAll=false]
  ContentRole[name=authors,inherit=true,allowForAll=false]
  ContentRole[name=administrators,usernames=[bhavana_i],inherit=true,allowForAll=false]
  ContentRole[name=denyReaders,inherit=false,allowForAll=false]
  ContentRole[name=denyAuthors,inherit=false,allowForAll=false]
  ContentRole[name=denyAdministrators,inherit=false,allowForAll=false]
  securityVector=143:SEC_PUBLIC=true,SEC_CREATOR_ADMIN=true,SEC_INH_ADMIN=true,SEC_INH_EDITOR=true,SEC_INH_VIEWER=true,SEC_ALL_ADMIN=false,SEC_ALL_EDITOR=false,SEC_ALL_VIEWER=false
]
2019-10-11 09:14:32.556 DEBUG content 8346 _a-0000e2a8-8f19-8000-ffe9-01ef9001ef90_51406 Processing reference: ContentRole[name=readers,inherit=true,allowForAll=false]
2019-10-11 09:14:32.556 DEBUG content 8346 _a-0000e2a8-8f19-8000-ffe9-01ef9001ef90_51406 Processing reference: ContentRole[name=authors,inherit=true,allowForAll=false]
2019-10-11 09:14:32.557 DEBUG content 8346 _a-0000e2a8-8f19-8000-ffe9-01ef9001ef90_51406 Processing reference: ContentRole[name=administrators,usernames=[bhavana_i],inherit=true,allowForAll=false]
2019-10-11 09:14:32.572 DEBUG content 8346 _a-0000e2a8-8f19-8000-ffe9-01ef9001ef90_51406 Processing reference: ContentRole[name=denyReaders,inherit=false,allowForAll=false]
2019-10-11 09:14:32.572 DEBUG content 8346 _a-0000e2a8-8f19-8000-ffe9-01ef9001ef90_51406 Processing reference: ContentRole[name=denyAuthors,inherit=false,allowForAll=false]
2019-10-11 09:14:32.573 DEBUG content 8346 _a-0000e2a8-8f19-8000-ffe9-01ef9001ef90_51406 Processing reference: ContentRole[name=denyAdministrators,inherit=false,allowForAll=false]
2019-10-11 09:14:32.573 DEBUG content 8346 _a-0000e2a8-8f19-8000-ffe9-01ef9001ef90_51406 Completing produce.
2019-10-11 09:14:32.573 DEBUG content 8346 _a-0000e2a8-8f19-8000-ffe9-01ef9001ef90_51406 Exporting binary resources.
2019-10-11 09:14:32.573 DEBUG content 8346 _a-0000e2a8-8f19-8000-ffe9-01ef9001ef90_51406 Serializing object to XML.
2019-10-11 09:14:32.604 DEBUG content 8346 _a-0000e2a8-8f19-8000-ffe9-01ef9001ef90_51406 Object transported.
2019-10-11 09:14:32.605 DEBUG content 8345 _a-0000e2a8-8f19-8000-ffe9-01ef9001ef90_51415 Begin transport.
2019-10-11 09:14:32.605 DEBUG content 8345 _a-0000e2a8-8f19-8000-ffe9-01ef9001ef90_51415 Retrieving object data.
2019-10-11 09:14:32.65 DEBUG content 8345 _a-0000e2a8-8f19-8000-ffe9-01ef9001ef90_51415 Setting uuids of object references.
2019-10-11 09:14:32.651 DEBUG content 8345 _a-0000e2a8-8f19-8000-ffe9-01ef9001ef90_51415 Processing reference: [Content:id=8323,versionId=-1,name=EmailItenary,type=32,subtype=6,uuid=_a-0000e2a8-8f19-8000-ffe9-01ef9001ef90_51415,parent=6588]
2019-10-11 09:14:32.675 DEBUG content 8345 _a-0000e2a8-8f19-8000-ffe9-01ef9001ef90_51415 Processing reference: Interface.forum
2019-10-11 09:14:32.677 DEBUG content 8345 _a-0000e2a8-8f19-8000-ffe9-01ef9001ef90_51415 Processing reference: TypedVariable[name=fr_Flight_reservation,it=3360,v=<null>]
2019-10-11 09:14:32.679 DEBUG content 8345 _a-0000e2a8-8f19-8000-ffe9-01ef9001ef90_51415 Processing reference: TypedVariable[name=cancel,it=26,v=<null>]
2019-10-11 09:14:32.68 DEBUG content 8345 _a-0000e2a8-8f19-8000-ffe9-01ef9001ef90_51415 Processing reference: TypedVariable[name=readOnly,it=26,v=<null>]
2019-10-11 09:14:32.681 DEBUG content 8345 _a-0000e2a8-8f19-8000-ffe9-01ef9001ef90_51415 Processing reference: TypedVariable[name=submit,it=26,v=<null>]
2019-10-11 09:14:32.681 DEBUG content 8345 _a-0000e2a8-8f19-8000-ffe9-01ef9001ef90_51415 Processing reference: Interface.parent
2019-10-11 09:14:32.704 DEBUG content 8345 _a-0000e2a8-8f19-8000-ffe9-01ef9001ef90_51415 Processing reference: com.appiancorp.suiteapi.content.ContentRoleMap@1f734d72[
  ContentRole[name=readers,inherit=true,allowForAll=false]
  ContentRole[name=authors,inherit=true,allowForAll=false]
  ContentRole[name=administrators,usernames=[bhavana_i],inherit=true,allowForAll=false]
  ContentRole[name=denyReaders,inherit=false,allowForAll=false]
  ContentRole[name=denyAuthors,inherit=false,allowForAll=false]
  ContentRole[name=denyAdministrators,inherit=false,allowForAll=false]
  securityVector=143:SEC_PUBLIC=true,SEC_CREATOR_ADMIN=true,SEC_INH_ADMIN=true,SEC_INH_EDITOR=true,SEC_INH_VIEWER=true,SEC_ALL_ADMIN=false,SEC_ALL_EDITOR=false,SEC_ALL_VIEWER=false
]
2019-10-11 09:14:32.704 DEBUG content 8345 _a-0000e2a8-8f19-8000-ffe9-01ef9001ef90_51415 Processing reference: ContentRole[name=readers,inherit=true,allowForAll=false]
2019-10-11 09:14:32.705 DEBUG content 8345 _a-0000e2a8-8f19-8000-ffe9-01ef9001ef90_51415 Processing reference: ContentRole[name=authors,inherit=true,allowForAll=false]
2019-10-11 09:14:32.705 DEBUG content 8345 _a-0000e2a8-8f19-8000-ffe9-01ef9001ef90_51415 Processing reference: ContentRole[name=administrators,usernames=[bhavana_i],inherit=true,allowForAll=false]
2019-10-11 09:14:32.717 DEBUG content 8345 _a-0000e2a8-8f19-8000-ffe9-01ef9001ef90_51415 Processing reference: ContentRole[name=denyReaders,inherit=false,allowForAll=false]
2019-10-11 09:14:32.718 DEBUG content 8345 _a-0000e2a8-8f19-8000-ffe9-01ef9001ef90_51415 Processing reference: ContentRole[name=denyAuthors,inherit=false,allowForAll=false]
2019-10-11 09:14:32.718 DEBUG content 8345 _a-0000e2a8-8f19-8000-ffe9-01ef9001ef90_51415 Processing reference: ContentRole[name=denyAdministrators,inherit=false,allowForAll=false]
2019-10-11 09:14:32.719 DEBUG content 8345 _a-0000e2a8-8f19-8000-ffe9-01ef9001ef90_51415 Completing produce.
2019-10-11 09:14:32.719 DEBUG content 8345 _a-0000e2a8-8f19-8000-ffe9-01ef9001ef90_51415 Exporting binary resources.
2019-10-11 09:14:32.719 DEBUG content 8345 _a-0000e2a8-8f19-8000-ffe9-01ef9001ef90_51415 Serializing object to XML.
2019-10-11 09:14:32.755 DEBUG content 8345 _a-0000e2a8-8f19-8000-ffe9-01ef9001ef90_51415 Object transported.
2019-10-11 09:14:32.755 DEBUG content 8344 _a-0000e2a8-8f19-8000-ffe9-01ef9001ef90_51439 Begin transport.
2019-10-11 09:14:32.755 DEBUG content 8344 _a-0000e2a8-8f19-8000-ffe9-01ef9001ef90_51439 Retrieving object data.
2019-10-11 09:14:32.805 DEBUG content 8344 _a-0000e2a8-8f19-8000-ffe9-01ef9001ef90_51439 Setting uuids of object references.
2019-10-11 09:14:32.807 DEBUG content 8344 _a-0000e2a8-8f19-8000-ffe9-01ef9001ef90_51439 Processing reference: [Content:id=8327,versionId=-1,name=status_flight1,type=32,subtype=6,uuid=_a-0000e2a8-8f19-8000-ffe9-01ef9001ef90_51439,parent=6588]
2019-10-11 09:14:32.811 DEBUG content 8344 _a-0000e2a8-8f19-8000-ffe9-01ef9001ef90_51439 Processing reference: Interface.forum
2019-10-11 09:14:32.814 DEBUG content 8344 _a-0000e2a8-8f19-8000-ffe9-01ef9001ef90_51439 Processing reference: TypedVariable[name=flight_status,it=3368,v=<null>]
2019-10-11 09:14:32.815 DEBUG content 8344 _a-0000e2a8-8f19-8000-ffe9-01ef9001ef90_51439 Processing reference: TypedVariable[name=cancel,it=26,v=<null>]
2019-10-11 09:14:32.815 DEBUG content 8344 _a-0000e2a8-8f19-8000-ffe9-01ef9001ef90_51439 Processing reference: TypedVariable[name=readOnly,it=26,v=<null>]
2019-10-11 09:14:32.816 DEBUG content 8344 _a-0000e2a8-8f19-8000-ffe9-01ef9001ef90_51439 Processing reference: TypedVariable[name=submit,it=26,v=<null>]
2019-10-11 09:14:32.816 DEBUG content 8344 _a-0000e2a8-8f19-8000-ffe9-01ef9001ef90_51439 Processing reference: Interface.parent
2019-10-11 09:14:32.827 DEBUG content 8344 _a-0000e2a8-8f19-8000-ffe9-01ef9001ef90_51439 Processing reference: com.appiancorp.suiteapi.content.ContentRoleMap@6c08deee[
  ContentRole[name=readers,inherit=true,allowForAll=false]
  ContentRole[name=authors,inherit=true,allowForAll=false]
  ContentRole[name=administrators,usernames=[bhavana_i],inherit=true,allowForAll=false]
  ContentRole[name=denyReaders,inherit=false,allowForAll=false]
  ContentRole[name=denyAuthors,inherit=false,allowForAll=false]
  ContentRole[name=denyAdministrators,inherit=false,allowForAll=false]
  securityVector=143:SEC_PUBLIC=true,SEC_CREATOR_ADMIN=true,SEC_INH_ADMIN=true,SEC_INH_EDITOR=true,SEC_INH_VIEWER=true,SEC_ALL_ADMIN=false,SEC_ALL_EDITOR=false,SEC_ALL_VIEWER=false
]
2019-10-11 09:14:32.828 DEBUG content 8344 _a-0000e2a8-8f19-8000-ffe9-01ef9001ef90_51439 Processing reference: ContentRole[name=readers,inherit=true,allowForAll=false]
2019-10-11 09:14:32.828 DEBUG content 8344 _a-0000e2a8-8f19-8000-ffe9-01ef9001ef90_51439 Processing reference: ContentRole[name=authors,inherit=true,allowForAll=false]
2019-10-11 09:14:32.828 DEBUG content 8344 _a-0000e2a8-8f19-8000-ffe9-01ef9001ef90_51439 Processing reference: ContentRole[name=administrators,usernames=[bhavana_i],inherit=true,allowForAll=false]
2019-10-11 09:14:32.836 DEBUG content 8344 _a-0000e2a8-8f19-8000-ffe9-01ef9001ef90_51439 Processing reference: ContentRole[name=denyReaders,inherit=false,allowForAll=false]
2019-10-11 09:14:32.836 DEBUG content 8344 _a-0000e2a8-8f19-8000-ffe9-01ef9001ef90_51439 Processing reference: ContentRole[name=denyAuthors,inherit=false,allowForAll=false]
2019-10-11 09:14:32.836 DEBUG content 8344 _a-0000e2a8-8f19-8000-ffe9-01ef9001ef90_51439 Processing reference: ContentRole[name=denyAdministrators,inherit=false,allowForAll=false]
2019-10-11 09:14:32.838 DEBUG content 8344 _a-0000e2a8-8f19-8000-ffe9-01ef9001ef90_51439 Completing produce.
2019-10-11 09:14:32.838 DEBUG content 8344 _a-0000e2a8-8f19-8000-ffe9-01ef9001ef90_51439 Exporting binary resources.
2019-10-11 09:14:32.838 DEBUG content 8344 _a-0000e2a8-8f19-8000-ffe9-01ef9001ef90_51439 Serializing object to XML.
2019-10-11 09:14:32.882 DEBUG content 8344 _a-0000e2a8-8f19-8000-ffe9-01ef9001ef90_51439 Object transported.
2019-10-11 09:14:32.901 DEBUG processModel 441 0002e2be-e2d9-8000-ffe9-014d98014d98 Begin transport.
2019-10-11 09:14:32.901 DEBUG processModel 441 0002e2be-e2d9-8000-ffe9-014d98014d98 Retrieving object data.
2019-10-11 09:14:34.328 DEBUG processModel 441 0002e2be-e2d9-8000-ffe9-014d98014d98 Setting uuids of object references.
2019-10-11 09:14:34.335 DEBUG processModel 441 0002e2be-e2d9-8000-ffe9-014d98014d98 Processing reference: ProcessModelHaul.folderId
2019-10-11 09:14:34.362 DEBUG processModel 441 0002e2be-e2d9-8000-ffe9-014d98014d98 Processing reference: ProcessModelHaul.modelDashboardPageId
2019-10-11 09:14:34.363 DEBUG processModel 441 0002e2be-e2d9-8000-ffe9-014d98014d98 Processing reference: ProcessModelHaul.processDashboardPageId
2019-10-11 09:14:34.364 DEBUG processModel 441 0002e2be-e2d9-8000-ffe9-014d98014d98 Processing reference: ProcessModel.emailAttachmentFolderId
2019-10-11 09:14:34.372 DEBUG processModel 441 0002e2be-e2d9-8000-ffe9-014d98014d98 Processing reference: InternalForm.docId
2019-10-11 09:14:34.377 DEBUG processModel 441 0002e2be-e2d9-8000-ffe9-014d98014d98 Processing reference: 4097 bhavana_i
2019-10-11 09:14:34.757 DEBUG processModel 441 0002e2be-e2d9-8000-ffe9-014d98014d98 Processing reference: ActivityClassParameter[name=pmID,it=23,v=<null>]
2019-10-11 09:14:34.759 DEBUG processModel 441 0002e2be-e2d9-8000-ffe9-014d98014d98 Processing reference: ActivityClassParameter[name=inMap,it=111,v={}]
2019-10-11 09:14:34.76 DEBUG processModel 441 0002e2be-e2d9-8000-ffe9-014d98014d98 Processing reference: ActivityClassParameter[name=procInheritsPriority,it=1,v=1]
2019-10-11 09:14:34.761 DEBUG processModel 441 0002e2be-e2d9-8000-ffe9-014d98014d98 Processing reference: ActivityClassParameter[name=pmUUID,it=3,v=]
2019-10-11 09:14:34.762 DEBUG processModel 441 0002e2be-e2d9-8000-ffe9-014d98014d98 Processing reference: ActivityClassParameter[name=isAsynchronous,it=26,v=1]
2019-10-11 09:14:34.762 DEBUG processModel 441 0002e2be-e2d9-8000-ffe9-014d98014d98 Processing reference: ActivityClassParameter[name=isTransparent,it=26,v=1]
2019-10-11 09:14:34.764 DEBUG processModel 441 0002e2be-e2d9-8000-ffe9-014d98014d98 Processing reference: ActivityClassParameter[name=inheritSecurity,it=26,v=0]
2019-10-11 09:14:34.766 DEBUG processModel 441 0002e2be-e2d9-8000-ffe9-014d98014d98 Processing reference: ActivityClassParameter[name=defaultNode,it=1,v=1]
2019-10-11 09:14:34.767 DEBUG processModel 441 0002e2be-e2d9-8000-ffe9-014d98014d98 Processing reference: ActivityClassParameter[name=rules,it=111,v={ActivityClassParameter[name=rule,it=11,v={ActivityClassParameter[name=expression,it=26,v=<null>],ActivityClassParameter[name=node,it=1,v=7],ActivityClassParameter[name=label,it=3,v=]}]}]
2019-10-11 09:14:34.767 DEBUG processModel 441 0002e2be-e2d9-8000-ffe9-014d98014d98 Processing reference: ActivityClassParameter[name=fired,it=1,v=0]
2019-10-11 09:14:34.768 DEBUG processModel 441 0002e2be-e2d9-8000-ffe9-014d98014d98 Processing reference: ActivityClassParameter[name=arrivedNodes,it=101,v=<null>]
2019-10-11 09:14:34.77 DEBUG processModel 441 0002e2be-e2d9-8000-ffe9-014d98014d98 Processing reference: ActivityClassParameter[name=defaultNode,it=1,v=1]
2019-10-11 09:14:34.77 DEBUG processModel 441 0002e2be-e2d9-8000-ffe9-014d98014d98 Processing reference: ActivityClassParameter[name=rules,it=111,v={ActivityClassParameter[name=rule,it=11,v={ActivityClassParameter[name=expression,it=26,v=<null>],ActivityClassParameter[name=node,it=1,v=19],ActivityClassParameter[name=label,it=3,v=]}]}]
2019-10-11 09:14:34.772 DEBUG processModel 441 0002e2be-e2d9-8000-ffe9-014d98014d98 Processing reference: ActivityClassParameter[name=fired,it=1,v=0]
2019-10-11 09:14:34.773 DEBUG processModel 441 0002e2be-e2d9-8000-ffe9-014d98014d98 Processing reference: ActivityClassParameter[name=arrivedNodes,it=101,v=<null>]
2019-10-11 09:14:34.776 DEBUG processModel 441 0002e2be-e2d9-8000-ffe9-014d98014d98 Processing reference: ActivityClassParameter[name=defaultNode,it=1,v=1]
2019-10-11 09:14:34.776 DEBUG processModel 441 0002e2be-e2d9-8000-ffe9-014d98014d98 Processing reference: ActivityClassParameter[name=rules,it=111,v={ActivityClassParameter[name=rule,it=11,v={ActivityClassParameter[name=expression,it=26,v=<null>],ActivityClassParameter[name=node,it=1,v=25],ActivityClassParameter[name=label,it=3,v=]}]}]
2019-10-11 09:14:34.778 DEBUG processModel 441 0002e2be-e2d9-8000-ffe9-014d98014d98 Processing reference: ActivityClassParameter[name=fired,it=1,v=0]
2019-10-11 09:14:34.778 DEBUG processModel 441 0002e2be-e2d9-8000-ffe9-014d98014d98 Processing reference: ActivityClassParameter[name=arrivedNodes,it=101,v=<null>]
2019-10-11 09:14:34.781 DEBUG processModel 441 0002e2be-e2d9-8000-ffe9-014d98014d98 Processing reference: ActivityClassParameter[name=fr_Flight_reservation,it=3360,v=<null>]
2019-10-11 09:14:34.782 DEBUG processModel 441 0002e2be-e2d9-8000-ffe9-014d98014d98 Processing reference: ActivityClassParameter[name=cancel,it=26,v=<null>]
2019-10-11 09:14:34.782 DEBUG processModel 441 0002e2be-e2d9-8000-ffe9-014d98014d98 Processing reference: ActivityClassParameter[name=readOnly,it=26,v=<null>]
2019-10-11 09:14:34.783 DEBUG processModel 441 0002e2be-e2d9-8000-ffe9-014d98014d98 Processing reference: ActivityClassParameter[name=submit,it=26,v=<null>]
2019-10-11 09:14:34.784 DEBUG processModel 441 0002e2be-e2d9-8000-ffe9-014d98014d98 Processing reference: InternalForm.docId
2019-10-11 09:14:34.786 DEBUG processModel 441 0002e2be-e2d9-8000-ffe9-014d98014d98 Processing reference: com.appiancorp.suiteapi.process.Assignment$Assignee@5d308877
2019-10-11 09:14:34.793 DEBUG processModel 441 0002e2be-e2d9-8000-ffe9-014d98014d98 Processing reference: ActivityClassParameter[name=fr_Flight_reservation,it=3360,v=<null>]
2019-10-11 09:14:34.794 DEBUG processModel 441 0002e2be-e2d9-8000-ffe9-014d98014d98 Processing reference: ActivityClassParameter[name=cancel,it=26,v=<null>]
2019-10-11 09:14:34.795 DEBUG processModel 441 0002e2be-e2d9-8000-ffe9-014d98014d98 Processing reference: ActivityClassParameter[name=readOnly,it=26,v=<null>]
2019-10-11 09:14:34.795 DEBUG processModel 441 0002e2be-e2d9-8000-ffe9-014d98014d98 Processing reference: ActivityClassParameter[name=submit,it=26,v=<null>]
2019-10-11 09:14:34.797 DEBUG processModel 441 0002e2be-e2d9-8000-ffe9-014d98014d98 Processing reference: InternalForm.docId
2019-10-11 09:14:34.799 DEBUG processModel 441 0002e2be-e2d9-8000-ffe9-014d98014d98 Processing reference: com.appiancorp.suiteapi.process.Assignment$Assignee@208bd2f9
2019-10-11 09:14:34.805 DEBUG processModel 441 0002e2be-e2d9-8000-ffe9-014d98014d98 Processing reference: ActivityClassParameter[name=fr_Flight_reservation,it=3360,v=<null>]
2019-10-11 09:14:34.807 DEBUG processModel 441 0002e2be-e2d9-8000-ffe9-014d98014d98 Processing reference: ActivityClassParameter[name=cancel,it=26,v=<null>]
2019-10-11 09:14:34.808 DEBUG processModel 441 0002e2be-e2d9-8000-ffe9-014d98014d98 Processing reference: ActivityClassParameter[name=readOnly,it=26,v=<null>]
2019-10-11 09:14:34.808 DEBUG processModel 441 0002e2be-e2d9-8000-ffe9-014d98014d98 Processing reference: ActivityClassParameter[name=submit,it=26,v=<null>]
2019-10-11 09:14:34.809 DEBUG processModel 441 0002e2be-e2d9-8000-ffe9-014d98014d98 Processing reference: InternalForm.docId
2019-10-11 09:14:34.811 DEBUG processModel 441 0002e2be-e2d9-8000-ffe9-014d98014d98 Processing reference: com.appiancorp.suiteapi.process.Assignment$Assignee@3b92f343
2019-10-11 09:14:34.821 DEBUG processModel 441 0002e2be-e2d9-8000-ffe9-014d98014d98 Processing reference: ActivityClassParameter[name=fr_Flight_reservation,it=3360,v=<null>]
2019-10-11 09:14:34.823 DEBUG processModel 441 0002e2be-e2d9-8000-ffe9-014d98014d98 Processing reference: ActivityClassParameter[name=cancel,it=26,v=<null>]
2019-10-11 09:14:34.825 DEBUG processModel 441 0002e2be-e2d9-8000-ffe9-014d98014d98 Processing reference: ActivityClassParameter[name=readOnly,it=26,v=<null>]
2019-10-11 09:14:34.826 DEBUG processModel 441 0002e2be-e2d9-8000-ffe9-014d98014d98 Processing reference: ActivityClassParameter[name=submit,it=26,v=<null>]
2019-10-11 09:14:34.827 DEBUG processModel 441 0002e2be-e2d9-8000-ffe9-014d98014d98 Processing reference: InternalForm.docId
2019-10-11 09:14:34.83 DEBUG processModel 441 0002e2be-e2d9-8000-ffe9-014d98014d98 Processing reference: com.appiancorp.suiteapi.process.Assignment$Assignee@62b8a776
2019-10-11 09:14:34.84 DEBUG processModel 441 0002e2be-e2d9-8000-ffe9-014d98014d98 Processing reference: ActivityClassParameter[name=fr_Flight_reservation,it=3360,v=<null>]
2019-10-11 09:14:34.841 DEBUG processModel 441 0002e2be-e2d9-8000-ffe9-014d98014d98 Processing reference: ActivityClassParameter[name=cancel,it=26,v=<null>]
2019-10-11 09:14:34.842 DEBUG processModel 441 0002e2be-e2d9-8000-ffe9-014d98014d98 Processing reference: ActivityClassParameter[name=readOnly,it=26,v=<null>]
2019-10-11 09:14:34.842 DEBUG processModel 441 0002e2be-e2d9-8000-ffe9-014d98014d98 Processing reference: ActivityClassParameter[name=submit,it=26,v=<null>]
2019-10-11 09:14:34.844 DEBUG processModel 441 0002e2be-e2d9-8000-ffe9-014d98014d98 Processing reference: InternalForm.docId
2019-10-11 09:14:34.847 DEBUG processModel 441 0002e2be-e2d9-8000-ffe9-014d98014d98 Processing reference: com.appiancorp.suiteapi.process.Assignment$Assignee@1c5abdc2
2019-10-11 09:14:34.855 DEBUG processModel 441 0002e2be-e2d9-8000-ffe9-014d98014d98 Processing reference: ActivityClassParameter[name=fr_Flight_reservation,it=3360,v={,pv!to,<null>,<null>,<null>,,<null>,<null>,pv!flightno,<null>,<null>,<null>,,,,,,,<null>,,<null>,,<null>,}]
2019-10-11 09:14:34.857 DEBUG processModel 441 0002e2be-e2d9-8000-ffe9-014d98014d98 Processing reference: ActivityClassParameter[name=cancel,it=26,v=<null>]
2019-10-11 09:14:34.858 DEBUG processModel 441 0002e2be-e2d9-8000-ffe9-014d98014d98 Processing reference: ActivityClassParameter[name=readOnly,it=26,v=<null>]
2019-10-11 09:14:34.859 DEBUG processModel 441 0002e2be-e2d9-8000-ffe9-014d98014d98 Processing reference: ActivityClassParameter[name=submit,it=26,v=<null>]
2019-10-11 09:14:34.859 DEBUG processModel 441 0002e2be-e2d9-8000-ffe9-014d98014d98 Processing reference: InternalForm.docId
2019-10-11 09:14:34.862 DEBUG processModel 441 0002e2be-e2d9-8000-ffe9-014d98014d98 Processing reference: com.appiancorp.suiteapi.process.Assignment$Assignee@63ac7e6a
2019-10-11 09:14:34.878 DEBUG processModel 441 0002e2be-e2d9-8000-ffe9-014d98014d98 Processing reference: ActivityClassParameter[name=defaultNode,it=1,v=1]
2019-10-11 09:14:34.879 DEBUG processModel 441 0002e2be-e2d9-8000-ffe9-014d98014d98 Processing reference: ActivityClassParameter[name=rules,it=111,v={ActivityClassParameter[name=rule,it=11,v={ActivityClassParameter[name=expression,it=26,v=<null>],ActivityClassParameter[name=node,it=1,v=2],ActivityClassParameter[name=label,it=3,v=]}]}]
2019-10-11 09:14:34.88 DEBUG processModel 441 0002e2be-e2d9-8000-ffe9-014d98014d98 Processing reference: ActivityClassParameter[name=fired,it=1,v=0]
2019-10-11 09:14:34.881 DEBUG processModel 441 0002e2be-e2d9-8000-ffe9-014d98014d98 Processing reference: ActivityClassParameter[name=arrivedNodes,it=101,v=<null>]
2019-10-11 09:14:34.884 DEBUG processModel 441 0002e2be-e2d9-8000-ffe9-014d98014d98 Processing reference: ActivityClassParameter[name=flight_status,it=3368,v=<null>]
2019-10-11 09:14:34.884 DEBUG processModel 441 0002e2be-e2d9-8000-ffe9-014d98014d98 Processing reference: ActivityClassParameter[name=cancel,it=26,v=<null>]
2019-10-11 09:14:34.885 DEBUG processModel 441 0002e2be-e2d9-8000-ffe9-014d98014d98 Processing reference: ActivityClassParameter[name=readOnly,it=26,v=<null>]
2019-10-11 09:14:34.885 DEBUG processModel 441 0002e2be-e2d9-8000-ffe9-014d98014d98 Processing reference: ActivityClassParameter[name=submit,it=26,v=<null>]
2019-10-11 09:14:34.886 DEBUG processModel 441 0002e2be-e2d9-8000-ffe9-014d98014d98 Processing reference: InternalForm.docId
2019-10-11 09:14:34.888 DEBUG processModel 441 0002e2be-e2d9-8000-ffe9-014d98014d98 Processing reference: com.appiancorp.suiteapi.process.Assignment$Assignee@6574311
2019-10-11 09:14:34.895 DEBUG processModel 441 0002e2be-e2d9-8000-ffe9-014d98014d98 Processing reference: ProcessVariable[name=price1,it=1,v=0]
2019-10-11 09:14:34.896 DEBUG processModel 441 0002e2be-e2d9-8000-ffe9-014d98014d98 Processing reference: ProcessVariable[name=total_hours1,it=1,v=0]
2019-10-11 09:14:34.897 DEBUG processModel 441 0002e2be-e2d9-8000-ffe9-014d98014d98 Processing reference: ProcessVariable[name=flight_no,it=1,v=0]
2019-10-11 09:14:34.897 DEBUG processModel 441 0002e2be-e2d9-8000-ffe9-014d98014d98 Processing reference: ProcessVariable[name=arrival_time1,it=9,v=<null>]
2019-10-11 09:14:34.898 DEBUG processModel 441 0002e2be-e2d9-8000-ffe9-014d98014d98 Processing reference: ProcessVariable[name=departure_time1,it=9,v=<null>]
2019-10-11 09:14:34.898 DEBUG processModel 441 0002e2be-e2d9-8000-ffe9-014d98014d98 Processing reference: ProcessVariable[name=too,it=3,v=]
2019-10-11 09:14:34.899 DEBUG processModel 441 0002e2be-e2d9-8000-ffe9-014d98014d98 Processing reference: ProcessVariable[name=full_name,it=3,v=]
2019-10-11 09:14:34.899 DEBUG processModel 441 0002e2be-e2d9-8000-ffe9-014d98014d98 Processing reference: ProcessVariable[name=cvv,it=1,v=0]
2019-10-11 09:14:34.9 DEBUG processModel 441 0002e2be-e2d9-8000-ffe9-014d98014d98 Processing reference: ProcessVariable[name=expirary_year,it=1,v=0]
2019-10-11 09:14:34.901 DEBUG processModel 441 0002e2be-e2d9-8000-ffe9-014d98014d98 Processing reference: ProcessVariable[name=expirary_month,it=3,v=]
2019-10-11 09:14:34.901 DEBUG processModel 441 0002e2be-e2d9-8000-ffe9-014d98014d98 Processing reference: ProcessVariable[name=card_no,it=1,v=0]
2019-10-11 09:14:34.902 DEBUG processModel 441 0002e2be-e2d9-8000-ffe9-014d98014d98 Processing reference: ProcessVariable[name=seat_no,it=3,v=]
2019-10-11 09:14:34.902 DEBUG processModel 441 0002e2be-e2d9-8000-ffe9-014d98014d98 Processing reference: ProcessVariable[name=position,it=3,v=]
2019-10-11 09:14:34.903 DEBUG processModel 441 0002e2be-e2d9-8000-ffe9-014d98014d98 Processing reference: ProcessVariable[name=row,it=3,v=]
2019-10-11 09:14:34.903 DEBUG processModel 441 0002e2be-e2d9-8000-ffe9-014d98014d98 Processing reference: ProcessVariable[name=last_name,it=3,v=]
2019-10-11 09:14:34.904 DEBUG processModel 441 0002e2be-e2d9-8000-ffe9-014d98014d98 Processing reference: ProcessVariable[name=first_name,it=3,v=]
2019-10-11 09:14:34.904 DEBUG processModel 441 0002e2be-e2d9-8000-ffe9-014d98014d98 Processing reference: ProcessVariable[name=pay_in,it=3,v=]
2019-10-11 09:14:34.905 DEBUG processModel 441 0002e2be-e2d9-8000-ffe9-014d98014d98 Processing reference: ProcessVariable[name=no_of_passenger,it=1,v=0]
2019-10-11 09:14:34.905 DEBUG processModel 441 0002e2be-e2d9-8000-ffe9-014d98014d98 Processing reference: ProcessVariable[name=return_date,it=7,v=<null>]
2019-10-11 09:14:34.906 DEBUG processModel 441 0002e2be-e2d9-8000-ffe9-014d98014d98 Processing reference: ProcessVariable[name=from,it=3,v=]
2019-10-11 09:14:34.906 DEBUG processModel 441 0002e2be-e2d9-8000-ffe9-014d98014d98 Processing reference: ProcessVariable[name=email_id,it=3,v=]
2019-10-11 09:14:34.907 DEBUG processModel 441 0002e2be-e2d9-8000-ffe9-014d98014d98 Processing reference: ProcessVariable[name=mobile_no,it=1,v=0]
2019-10-11 09:14:34.908 DEBUG processModel 441 0002e2be-e2d9-8000-ffe9-014d98014d98 Processing reference: ProcessVariable[name=departure_date,it=7,v=<null>]
2019-10-11 09:14:34.908 DEBUG processModel 441 0002e2be-e2d9-8000-ffe9-014d98014d98 Processing reference: ProcessVariable[name=total_hours,it=8,v=<null>]
2019-10-11 09:14:34.909 DEBUG processModel 441 0002e2be-e2d9-8000-ffe9-014d98014d98 Processing reference: ProcessVariable[name=arrival_time,it=8,v=<null>]
2019-10-11 09:14:34.909 DEBUG processModel 441 0002e2be-e2d9-8000-ffe9-014d98014d98 Processing reference: ProcessVariable[name=departure_time,it=8,v=<null>]
2019-10-11 09:14:34.91 DEBUG processModel 441 0002e2be-e2d9-8000-ffe9-014d98014d98 Processing reference: ProcessVariable[name=cancel,it=26,v=<null>]
2019-10-11 09:14:34.91 DEBUG processModel 441 0002e2be-e2d9-8000-ffe9-014d98014d98 Processing reference: ProcessVariable[name=cancel1,it=26,v=<null>]
2019-10-11 09:14:34.911 DEBUG processModel 441 0002e2be-e2d9-8000-ffe9-014d98014d98 Processing reference: ProcessVariable[name=submit,it=26,v=<null>]
2019-10-11 09:14:34.911 DEBUG processModel 441 0002e2be-e2d9-8000-ffe9-014d98014d98 Processing reference: ProcessVariable[name=submit1,it=26,v=<null>]
2019-10-11 09:14:34.913 DEBUG processModel 441 0002e2be-e2d9-8000-ffe9-014d98014d98 Processing reference: com.appiancorp.suiteapi.process.ProcessRoleMap@6d5e6f44[
  Role[name=ADMIN_OWNER,usernames=[bhavana_i]]
  Role[name=EDITOR]
  Role[name=EXPLICIT_NONMEMBER]
  Role[name=VIEWER]
  Role[name=MANAGER]
  Role[name=INITIATOR]
]
2019-10-11 09:14:34.913 DEBUG processModel 441 0002e2be-e2d9-8000-ffe9-014d98014d98 Processing reference: Role[name=ADMIN_OWNER,usernames=[bhavana_i]]
2019-10-11 09:14:34.921 DEBUG processModel 441 0002e2be-e2d9-8000-ffe9-014d98014d98 Processing reference: Role[name=EDITOR]
2019-10-11 09:14:34.921 DEBUG processModel 441 0002e2be-e2d9-8000-ffe9-014d98014d98 Processing reference: Role[name=EXPLICIT_NONMEMBER]
2019-10-11 09:14:34.922 DEBUG processModel 441 0002e2be-e2d9-8000-ffe9-014d98014d98 Processing reference: Role[name=VIEWER]
2019-10-11 09:14:34.922 DEBUG processModel 441 0002e2be-e2d9-8000-ffe9-014d98014d98 Processing reference: Role[name=MANAGER]
2019-10-11 09:14:34.923 DEBUG processModel 441 0002e2be-e2d9-8000-ffe9-014d98014d98 Processing reference: Role[name=INITIATOR]
2019-10-11 09:14:35.01 DEBUG processModel 441 0002e2be-e2d9-8000-ffe9-014d98014d98 Completing produce.
2019-10-11 09:14:35.01 DEBUG processModel 441 0002e2be-e2d9-8000-ffe9-014d98014d98 Exporting binary resources.
2019-10-11 09:14:35.01 DEBUG processModel 441 0002e2be-e2d9-8000-ffe9-014d98014d98 Serializing object to XML.
2019-10-11 09:14:35.257 DEBUG processModel 441 0002e2be-e2d9-8000-ffe9-014d98014d98 Object transported.
2019-10-11 09:14:35.257 DEBUG application 8303 _a-0000e2a8-8f19-8000-ffe9-01ef9001ef90_51322 Completing produce.
2019-10-11 09:14:35.257 DEBUG application 8303 _a-0000e2a8-8f19-8000-ffe9-01ef9001ef90_51322 Exporting binary resources.
2019-10-11 09:14:35.257 DEBUG application 8303 _a-0000e2a8-8f19-8000-ffe9-01ef9001ef90_51322 Serializing object to XML.
2019-10-11 09:14:35.263 DEBUG application 8303 _a-0000e2a8-8f19-8000-ffe9-01ef9001ef90_51322 Object transported.
