Success (2):
content 9536 _a-0000e2f7-bc18-8000-fbeb-01ef9001ef90_93392 "VFM_VEHICLE_CATEGORIES_VALUES"
content 9537 _a-0000e2f7-bc18-8000-fbeb-01ef9001ef90_93359 "VFM_addVehicleForms"

Referenced precedents that were not exported (5):
datatype 4166 {urn:com:appian:types:VFM}VFM_Vehicle_Data
user hrishikesh_m hrishikesh_m
content 9352 _a-0000e2f7-bc18-8000-fbeb-01ef9001ef90_89553
content 9357 _a-0000e2f7-bc18-8000-fbeb-01ef9001ef90_89580
content 9524 _a-0000e2f7-bc18-8000-fbeb-01ef9001ef90_93355

Trace:
2019-10-17 09:53:59.535 DEBUG content 9536 _a-0000e2f7-bc18-8000-fbeb-01ef9001ef90_93392 Begin transport.
2019-10-17 09:53:59.535 DEBUG content 9536 _a-0000e2f7-bc18-8000-fbeb-01ef9001ef90_93392 Retrieving object data.
2019-10-17 09:53:59.544 DEBUG content 9536 _a-0000e2f7-bc18-8000-fbeb-01ef9001ef90_93392 Setting uuids of object references.
2019-10-17 09:53:59.544 DEBUG content 9536 _a-0000e2f7-bc18-8000-fbeb-01ef9001ef90_93392 Processing reference: [Content:id=9530,versionId=-1,name=VFM_VEHICLE_CATEGORIES_VALUES,type=32,subtype=0,uuid=_a-0000e2f7-bc18-8000-fbeb-01ef9001ef90_93392,parent=9352]
2019-10-17 09:53:59.544 DEBUG content 9536 _a-0000e2f7-bc18-8000-fbeb-01ef9001ef90_93392 Processing reference: Constant.forum
2019-10-17 09:53:59.545 DEBUG content 9536 _a-0000e2f7-bc18-8000-fbeb-01ef9001ef90_93392 Processing reference: Constant.parent
2019-10-17 09:53:59.547 DEBUG content 9536 _a-0000e2f7-bc18-8000-fbeb-01ef9001ef90_93392 Processing reference: com.appiancorp.suiteapi.content.ContentRoleMap@5bfc0071[
  ContentRole[name=readers,inherit=true,allowForAll=false]
  ContentRole[name=authors,inherit=true,allowForAll=false]
  ContentRole[name=administrators,usernames=[hrishikesh_m],inherit=true,allowForAll=false]
  ContentRole[name=denyReaders,inherit=false,allowForAll=false]
  ContentRole[name=denyAuthors,inherit=false,allowForAll=false]
  ContentRole[name=denyAdministrators,inherit=false,allowForAll=false]
  securityVector=143:SEC_PUBLIC=true,SEC_CREATOR_ADMIN=true,SEC_INH_ADMIN=true,SEC_INH_EDITOR=true,SEC_INH_VIEWER=true,SEC_ALL_ADMIN=false,SEC_ALL_EDITOR=false,SEC_ALL_VIEWER=false
]
2019-10-17 09:53:59.547 DEBUG content 9536 _a-0000e2f7-bc18-8000-fbeb-01ef9001ef90_93392 Processing reference: ContentRole[name=readers,inherit=true,allowForAll=false]
2019-10-17 09:53:59.547 DEBUG content 9536 _a-0000e2f7-bc18-8000-fbeb-01ef9001ef90_93392 Processing reference: ContentRole[name=authors,inherit=true,allowForAll=false]
2019-10-17 09:53:59.547 DEBUG content 9536 _a-0000e2f7-bc18-8000-fbeb-01ef9001ef90_93392 Processing reference: ContentRole[name=administrators,usernames=[hrishikesh_m],inherit=true,allowForAll=false]
2019-10-17 09:53:59.549 DEBUG content 9536 _a-0000e2f7-bc18-8000-fbeb-01ef9001ef90_93392 Processing reference: ContentRole[name=denyReaders,inherit=false,allowForAll=false]
2019-10-17 09:53:59.549 DEBUG content 9536 _a-0000e2f7-bc18-8000-fbeb-01ef9001ef90_93392 Processing reference: ContentRole[name=denyAuthors,inherit=false,allowForAll=false]
2019-10-17 09:53:59.549 DEBUG content 9536 _a-0000e2f7-bc18-8000-fbeb-01ef9001ef90_93392 Processing reference: ContentRole[name=denyAdministrators,inherit=false,allowForAll=false]
2019-10-17 09:53:59.549 DEBUG content 9536 _a-0000e2f7-bc18-8000-fbeb-01ef9001ef90_93392 Completing produce.
2019-10-17 09:53:59.549 DEBUG content 9536 _a-0000e2f7-bc18-8000-fbeb-01ef9001ef90_93392 Exporting binary resources.
2019-10-17 09:53:59.549 DEBUG content 9536 _a-0000e2f7-bc18-8000-fbeb-01ef9001ef90_93392 Serializing object to XML.
2019-10-17 09:53:59.696 DEBUG content 9536 _a-0000e2f7-bc18-8000-fbeb-01ef9001ef90_93392 Object transported.
2019-10-17 09:53:59.696 DEBUG content 9537 _a-0000e2f7-bc18-8000-fbeb-01ef9001ef90_93359 Begin transport.
2019-10-17 09:53:59.696 DEBUG content 9537 _a-0000e2f7-bc18-8000-fbeb-01ef9001ef90_93359 Retrieving object data.
2019-10-17 09:53:59.707 DEBUG content 9537 _a-0000e2f7-bc18-8000-fbeb-01ef9001ef90_93359 Setting uuids of object references.
2019-10-17 09:53:59.707 DEBUG content 9537 _a-0000e2f7-bc18-8000-fbeb-01ef9001ef90_93359 Processing reference: [Content:id=9525,versionId=-1,name=VFM_addVehicleForms,type=32,subtype=6,uuid=_a-0000e2f7-bc18-8000-fbeb-01ef9001ef90_93359,parent=9524]
2019-10-17 09:53:59.712 DEBUG content 9537 _a-0000e2f7-bc18-8000-fbeb-01ef9001ef90_93359 Processing reference: Interface.forum
2019-10-17 09:53:59.712 DEBUG content 9537 _a-0000e2f7-bc18-8000-fbeb-01ef9001ef90_93359 Processing reference: TypedVariable[name=vehicle,it=4166,v=<null>]
2019-10-17 09:53:59.713 DEBUG content 9537 _a-0000e2f7-bc18-8000-fbeb-01ef9001ef90_93359 Processing reference: Interface.parent
2019-10-17 09:53:59.715 DEBUG content 9537 _a-0000e2f7-bc18-8000-fbeb-01ef9001ef90_93359 Processing reference: com.appiancorp.suiteapi.content.ContentRoleMap@62574fbc[
  ContentRole[name=readers,inherit=true,allowForAll=false]
  ContentRole[name=authors,inherit=true,allowForAll=false]
  ContentRole[name=administrators,usernames=[hrishikesh_m],inherit=true,allowForAll=false]
  ContentRole[name=denyReaders,inherit=false,allowForAll=false]
  ContentRole[name=denyAuthors,inherit=false,allowForAll=false]
  ContentRole[name=denyAdministrators,inherit=false,allowForAll=false]
  securityVector=143:SEC_PUBLIC=true,SEC_CREATOR_ADMIN=true,SEC_INH_ADMIN=true,SEC_INH_EDITOR=true,SEC_INH_VIEWER=true,SEC_ALL_ADMIN=false,SEC_ALL_EDITOR=false,SEC_ALL_VIEWER=false
]
2019-10-17 09:53:59.715 DEBUG content 9537 _a-0000e2f7-bc18-8000-fbeb-01ef9001ef90_93359 Processing reference: ContentRole[name=readers,inherit=true,allowForAll=false]
2019-10-17 09:53:59.715 DEBUG content 9537 _a-0000e2f7-bc18-8000-fbeb-01ef9001ef90_93359 Processing reference: ContentRole[name=authors,inherit=true,allowForAll=false]
2019-10-17 09:53:59.716 DEBUG content 9537 _a-0000e2f7-bc18-8000-fbeb-01ef9001ef90_93359 Processing reference: ContentRole[name=administrators,usernames=[hrishikesh_m],inherit=true,allowForAll=false]
2019-10-17 09:53:59.717 DEBUG content 9537 _a-0000e2f7-bc18-8000-fbeb-01ef9001ef90_93359 Processing reference: ContentRole[name=denyReaders,inherit=false,allowForAll=false]
2019-10-17 09:53:59.717 DEBUG content 9537 _a-0000e2f7-bc18-8000-fbeb-01ef9001ef90_93359 Processing reference: ContentRole[name=denyAuthors,inherit=false,allowForAll=false]
2019-10-17 09:53:59.717 DEBUG content 9537 _a-0000e2f7-bc18-8000-fbeb-01ef9001ef90_93359 Processing reference: ContentRole[name=denyAdministrators,inherit=false,allowForAll=false]
2019-10-17 09:53:59.717 DEBUG content 9537 _a-0000e2f7-bc18-8000-fbeb-01ef9001ef90_93359 Completing produce.
2019-10-17 09:53:59.717 DEBUG content 9537 _a-0000e2f7-bc18-8000-fbeb-01ef9001ef90_93359 Exporting binary resources.
2019-10-17 09:53:59.717 DEBUG content 9537 _a-0000e2f7-bc18-8000-fbeb-01ef9001ef90_93359 Serializing object to XML.
2019-10-17 09:53:59.721 DEBUG content 9537 _a-0000e2f7-bc18-8000-fbeb-01ef9001ef90_93359 Object transported.
