Success (2):
content 5380 _a-0000e1d5-3d22-8000-9ba2-011c48011c48_798534 "linkedIn"
content 9521 _a-0000e104-e472-8000-9ba2-011c48011c48_8694847 "VM_ModifyVehicleData"

Referenced precedents that were not exported (5):
datatype 2700 {urn:com:appian:types}VM_Vehicle
content 5379 _a-0000e1d5-3d22-8000-9ba2-011c48011c48_798535
content 5376 _a-0000e104-e472-8000-9ba2-011c48011c48_8694701
content 5368 _a-0000e0f7-b49f-8000-9ba2-011c48011c48_770132
content 5369 _a-0000e0f7-b49f-8000-9ba2-011c48011c48_770149

Trace:
2019-10-17 06:33:37.695 DEBUG content 5380 _a-0000e1d5-3d22-8000-9ba2-011c48011c48_798534 Begin transport.
2019-10-17 06:33:37.695 DEBUG content 5380 _a-0000e1d5-3d22-8000-9ba2-011c48011c48_798534 Retrieving object data.
2019-10-17 06:33:37.705 DEBUG content 5380 _a-0000e1d5-3d22-8000-9ba2-011c48011c48_798534 Setting uuids of object references.
2019-10-17 06:33:37.705 DEBUG content 5380 _a-0000e1d5-3d22-8000-9ba2-011c48011c48_798534 Processing reference: Document.forum
2019-10-17 06:33:37.706 DEBUG content 5380 _a-0000e1d5-3d22-8000-9ba2-011c48011c48_798534 Processing reference: Document.parent
2019-10-17 06:33:37.71 DEBUG content 5380 _a-0000e1d5-3d22-8000-9ba2-011c48011c48_798534 Processing reference: com.appiancorp.suiteapi.content.ContentRoleMap@6f484bd2[
  ContentRole[name=readers,inherit=true,allowForAll=false]
  ContentRole[name=authors,inherit=true,allowForAll=false]
  ContentRole[name=administrators,inherit=true,allowForAll=false]
  ContentRole[name=denyReaders,inherit=false,allowForAll=false]
  ContentRole[name=denyAuthors,inherit=false,allowForAll=false]
  ContentRole[name=denyAdministrators,inherit=false,allowForAll=false]
  securityVector=15:SEC_PUBLIC=true,SEC_CREATOR_ADMIN=false,SEC_INH_ADMIN=true,SEC_INH_EDITOR=true,SEC_INH_VIEWER=true,SEC_ALL_ADMIN=false,SEC_ALL_EDITOR=false,SEC_ALL_VIEWER=false
]
2019-10-17 06:33:37.71 DEBUG content 5380 _a-0000e1d5-3d22-8000-9ba2-011c48011c48_798534 Processing reference: ContentRole[name=readers,inherit=true,allowForAll=false]
2019-10-17 06:33:37.71 DEBUG content 5380 _a-0000e1d5-3d22-8000-9ba2-011c48011c48_798534 Processing reference: ContentRole[name=authors,inherit=true,allowForAll=false]
2019-10-17 06:33:37.71 DEBUG content 5380 _a-0000e1d5-3d22-8000-9ba2-011c48011c48_798534 Processing reference: ContentRole[name=administrators,inherit=true,allowForAll=false]
2019-10-17 06:33:37.71 DEBUG content 5380 _a-0000e1d5-3d22-8000-9ba2-011c48011c48_798534 Processing reference: ContentRole[name=denyReaders,inherit=false,allowForAll=false]
2019-10-17 06:33:37.71 DEBUG content 5380 _a-0000e1d5-3d22-8000-9ba2-011c48011c48_798534 Processing reference: ContentRole[name=denyAuthors,inherit=false,allowForAll=false]
2019-10-17 06:33:37.71 DEBUG content 5380 _a-0000e1d5-3d22-8000-9ba2-011c48011c48_798534 Processing reference: ContentRole[name=denyAdministrators,inherit=false,allowForAll=false]
2019-10-17 06:33:37.71 DEBUG content 5380 _a-0000e1d5-3d22-8000-9ba2-011c48011c48_798534 Completing produce.
2019-10-17 06:33:37.71 DEBUG content 5380 _a-0000e1d5-3d22-8000-9ba2-011c48011c48_798534 Exporting binary resources.
2019-10-17 06:33:37.712 DEBUG content 5380 _a-0000e1d5-3d22-8000-9ba2-011c48011c48_798534 Serializing object to XML.
2019-10-17 06:33:37.713 DEBUG content 5380 _a-0000e1d5-3d22-8000-9ba2-011c48011c48_798534 Object transported.
2019-10-17 06:33:37.713 DEBUG content 9521 _a-0000e104-e472-8000-9ba2-011c48011c48_8694847 Begin transport.
2019-10-17 06:33:37.713 DEBUG content 9521 _a-0000e104-e472-8000-9ba2-011c48011c48_8694847 Retrieving object data.
2019-10-17 06:33:37.724 DEBUG content 9521 _a-0000e104-e472-8000-9ba2-011c48011c48_8694847 Setting uuids of object references.
2019-10-17 06:33:37.724 DEBUG content 9521 _a-0000e104-e472-8000-9ba2-011c48011c48_8694847 Processing reference: [Content:id=5377,versionId=-1,name=VM_ModifyVehicleData,type=32,subtype=6,uuid=_a-0000e104-e472-8000-9ba2-011c48011c48_8694847,parent=5369]
2019-10-17 06:33:37.734 DEBUG content 9521 _a-0000e104-e472-8000-9ba2-011c48011c48_8694847 Processing reference: Interface.forum
2019-10-17 06:33:37.735 DEBUG content 9521 _a-0000e104-e472-8000-9ba2-011c48011c48_8694847 Processing reference: TypedVariable[name=vehicle,it=2700,v=<null>]
2019-10-17 06:33:37.735 DEBUG content 9521 _a-0000e104-e472-8000-9ba2-011c48011c48_8694847 Processing reference: Interface.parent
2019-10-17 06:33:37.738 DEBUG content 9521 _a-0000e104-e472-8000-9ba2-011c48011c48_8694847 Processing reference: com.appiancorp.suiteapi.content.ContentRoleMap@215a73c[
  ContentRole[name=readers,inherit=true,allowForAll=false]
  ContentRole[name=authors,inherit=true,allowForAll=false]
  ContentRole[name=administrators,inherit=true,allowForAll=false]
  ContentRole[name=denyReaders,inherit=false,allowForAll=false]
  ContentRole[name=denyAuthors,inherit=false,allowForAll=false]
  ContentRole[name=denyAdministrators,inherit=false,allowForAll=false]
  securityVector=15:SEC_PUBLIC=true,SEC_CREATOR_ADMIN=false,SEC_INH_ADMIN=true,SEC_INH_EDITOR=true,SEC_INH_VIEWER=true,SEC_ALL_ADMIN=false,SEC_ALL_EDITOR=false,SEC_ALL_VIEWER=false
]
2019-10-17 06:33:37.738 DEBUG content 9521 _a-0000e104-e472-8000-9ba2-011c48011c48_8694847 Processing reference: ContentRole[name=readers,inherit=true,allowForAll=false]
2019-10-17 06:33:37.738 DEBUG content 9521 _a-0000e104-e472-8000-9ba2-011c48011c48_8694847 Processing reference: ContentRole[name=authors,inherit=true,allowForAll=false]
2019-10-17 06:33:37.738 DEBUG content 9521 _a-0000e104-e472-8000-9ba2-011c48011c48_8694847 Processing reference: ContentRole[name=administrators,inherit=true,allowForAll=false]
2019-10-17 06:33:37.738 DEBUG content 9521 _a-0000e104-e472-8000-9ba2-011c48011c48_8694847 Processing reference: ContentRole[name=denyReaders,inherit=false,allowForAll=false]
2019-10-17 06:33:37.738 DEBUG content 9521 _a-0000e104-e472-8000-9ba2-011c48011c48_8694847 Processing reference: ContentRole[name=denyAuthors,inherit=false,allowForAll=false]
2019-10-17 06:33:37.738 DEBUG content 9521 _a-0000e104-e472-8000-9ba2-011c48011c48_8694847 Processing reference: ContentRole[name=denyAdministrators,inherit=false,allowForAll=false]
2019-10-17 06:33:37.738 DEBUG content 9521 _a-0000e104-e472-8000-9ba2-011c48011c48_8694847 Completing produce.
2019-10-17 06:33:37.738 DEBUG content 9521 _a-0000e104-e472-8000-9ba2-011c48011c48_8694847 Exporting binary resources.
2019-10-17 06:33:37.738 DEBUG content 9521 _a-0000e104-e472-8000-9ba2-011c48011c48_8694847 Serializing object to XML.
2019-10-17 06:33:37.883 DEBUG content 9521 _a-0000e104-e472-8000-9ba2-011c48011c48_8694847 Object transported.
