Success (1):
content 15546 _a-0000e320-a371-8000-ffe9-01ef9001ef90_86214 "InterfaceDemo"

Referenced precedents that were not exported (2):
user snehal_a snehal_a
content 13802 _a-0000e320-a371-8000-ffe9-01ef9001ef90_86209

Trace:
2019-11-04 12:14:04.444 DEBUG content 15546 _a-0000e320-a371-8000-ffe9-01ef9001ef90_86214 Begin transport.
2019-11-04 12:14:04.444 DEBUG content 15546 _a-0000e320-a371-8000-ffe9-01ef9001ef90_86214 Retrieving object data.
2019-11-04 12:14:04.603 DEBUG content 15546 _a-0000e320-a371-8000-ffe9-01ef9001ef90_86214 Setting uuids of object references.
2019-11-04 12:14:04.61 DEBUG content 15546 _a-0000e320-a371-8000-ffe9-01ef9001ef90_86214 Processing reference: [Content:id=13803,versionId=-1,name=InterfaceDemo,type=32,subtype=6,uuid=_a-0000e320-a371-8000-ffe9-01ef9001ef90_86214,parent=13802]
2019-11-04 12:14:04.624 DEBUG content 15546 _a-0000e320-a371-8000-ffe9-01ef9001ef90_86214 Processing reference: Interface.forum
2019-11-04 12:14:04.629 DEBUG content 15546 _a-0000e320-a371-8000-ffe9-01ef9001ef90_86214 Processing reference: TypedVariable[name=cancel,it=26,v=<null>]
2019-11-04 12:14:04.632 DEBUG content 15546 _a-0000e320-a371-8000-ffe9-01ef9001ef90_86214 Processing reference: TypedVariable[name=Var1,it=1,v=<null>]
2019-11-04 12:14:04.632 DEBUG content 15546 _a-0000e320-a371-8000-ffe9-01ef9001ef90_86214 Processing reference: TypedVariable[name=Var2,it=1,v=<null>]
2019-11-04 12:14:04.633 DEBUG content 15546 _a-0000e320-a371-8000-ffe9-01ef9001ef90_86214 Processing reference: TypedVariable[name=result,it=1,v=<null>]
2019-11-04 12:14:04.633 DEBUG content 15546 _a-0000e320-a371-8000-ffe9-01ef9001ef90_86214 Processing reference: TypedVariable[name=SubmitFlag,it=26,v=<null>]
2019-11-04 12:14:04.634 DEBUG content 15546 _a-0000e320-a371-8000-ffe9-01ef9001ef90_86214 Processing reference: TypedVariable[name=Operator,it=3,v=]
2019-11-04 12:14:04.635 DEBUG content 15546 _a-0000e320-a371-8000-ffe9-01ef9001ef90_86214 Processing reference: Interface.parent
2019-11-04 12:14:04.655 DEBUG content 15546 _a-0000e320-a371-8000-ffe9-01ef9001ef90_86214 Processing reference: com.appiancorp.suiteapi.content.ContentRoleMap@4ede1bdd[
  ContentRole[name=readers,inherit=true,allowForAll=false]
  ContentRole[name=authors,inherit=true,allowForAll=false]
  ContentRole[name=administrators,usernames=[snehal_a],inherit=true,allowForAll=false]
  ContentRole[name=denyReaders,inherit=false,allowForAll=false]
  ContentRole[name=denyAuthors,inherit=false,allowForAll=false]
  ContentRole[name=denyAdministrators,inherit=false,allowForAll=false]
  securityVector=143:SEC_PUBLIC=true,SEC_CREATOR_ADMIN=true,SEC_INH_ADMIN=true,SEC_INH_EDITOR=true,SEC_INH_VIEWER=true,SEC_ALL_ADMIN=false,SEC_ALL_EDITOR=false,SEC_ALL_VIEWER=false
]
2019-11-04 12:14:04.656 DEBUG content 15546 _a-0000e320-a371-8000-ffe9-01ef9001ef90_86214 Processing reference: ContentRole[name=readers,inherit=true,allowForAll=false]
2019-11-04 12:14:04.656 DEBUG content 15546 _a-0000e320-a371-8000-ffe9-01ef9001ef90_86214 Processing reference: ContentRole[name=authors,inherit=true,allowForAll=false]
2019-11-04 12:14:04.656 DEBUG content 15546 _a-0000e320-a371-8000-ffe9-01ef9001ef90_86214 Processing reference: ContentRole[name=administrators,usernames=[snehal_a],inherit=true,allowForAll=false]
2019-11-04 12:14:04.668 DEBUG content 15546 _a-0000e320-a371-8000-ffe9-01ef9001ef90_86214 Processing reference: ContentRole[name=denyReaders,inherit=false,allowForAll=false]
2019-11-04 12:14:04.669 DEBUG content 15546 _a-0000e320-a371-8000-ffe9-01ef9001ef90_86214 Processing reference: ContentRole[name=denyAuthors,inherit=false,allowForAll=false]
2019-11-04 12:14:04.669 DEBUG content 15546 _a-0000e320-a371-8000-ffe9-01ef9001ef90_86214 Processing reference: ContentRole[name=denyAdministrators,inherit=false,allowForAll=false]
2019-11-04 12:14:04.67 DEBUG content 15546 _a-0000e320-a371-8000-ffe9-01ef9001ef90_86214 Completing produce.
2019-11-04 12:14:04.67 DEBUG content 15546 _a-0000e320-a371-8000-ffe9-01ef9001ef90_86214 Exporting binary resources.
2019-11-04 12:14:04.67 DEBUG content 15546 _a-0000e320-a371-8000-ffe9-01ef9001ef90_86214 Serializing object to XML.
2019-11-04 12:14:07.183 DEBUG content 15546 _a-0000e320-a371-8000-ffe9-01ef9001ef90_86214 Object transported.
