Success (2):
group 131 _e-0000e35b-cf1a-8000-ffe9-011e94011e94_455 "DOA_AllUsersGrp"
group 132 _e-0000e367-8744-8000-0b9d-011e94011e94_337 "DOA_Staffs"

Referenced precedents that were not exported (1):
group 130 _e-0000e35b-cf1a-8000-ffe9-011e94011e94_457

Trace:
2019-11-06 09:30:35.133 DEBUG group 131 _e-0000e35b-cf1a-8000-ffe9-011e94011e94_455 Begin transport.
2019-11-06 09:30:35.133 DEBUG group 131 _e-0000e35b-cf1a-8000-ffe9-011e94011e94_455 Retrieving object data.
2019-11-06 09:30:35.143 DEBUG group 131 _e-0000e35b-cf1a-8000-ffe9-011e94011e94_455 Setting uuids of object references.
2019-11-06 09:30:35.143 DEBUG group 131 _e-0000e35b-cf1a-8000-ffe9-011e94011e94_455 Processing reference: Role[name=<null>,groupIds=[130]]
2019-11-06 09:30:35.145 DEBUG group 131 _e-0000e35b-cf1a-8000-ffe9-011e94011e94_455 Processing reference: Group.groupTypeId
2019-11-06 09:30:35.147 DEBUG group 131 _e-0000e35b-cf1a-8000-ffe9-011e94011e94_455 Processing reference: Group.parentId
2019-11-06 09:30:35.148 DEBUG group 131 _e-0000e35b-cf1a-8000-ffe9-011e94011e94_455 Processing reference: Group.homePageId
2019-11-06 09:30:35.148 DEBUG group 131 _e-0000e35b-cf1a-8000-ffe9-011e94011e94_455 Processing reference: Role[name=<null>,groupIds=[130, 132]]
2019-11-06 09:30:35.149 DEBUG group 132 _e-0000e367-8744-8000-0b9d-011e94011e94_337 Begin transport.
2019-11-06 09:30:35.149 DEBUG group 132 _e-0000e367-8744-8000-0b9d-011e94011e94_337 Retrieving object data.
2019-11-06 09:30:35.16 DEBUG group 132 _e-0000e367-8744-8000-0b9d-011e94011e94_337 Setting uuids of object references.
2019-11-06 09:30:35.16 DEBUG group 132 _e-0000e367-8744-8000-0b9d-011e94011e94_337 Processing reference: Role[name=<null>]
2019-11-06 09:30:35.16 DEBUG group 132 _e-0000e367-8744-8000-0b9d-011e94011e94_337 Processing reference: Group.groupTypeId
2019-11-06 09:30:35.162 DEBUG group 132 _e-0000e367-8744-8000-0b9d-011e94011e94_337 Processing reference: Group.parentId
2019-11-06 09:30:35.164 DEBUG group 131 _e-0000e35b-cf1a-8000-ffe9-011e94011e94_455 Begin transport.
2019-11-06 09:30:35.164 DEBUG group 131 _e-0000e35b-cf1a-8000-ffe9-011e94011e94_455 Loop detected: [group:131, group:132]
2019-11-06 09:30:35.164 DEBUG group 131 Breaking loop [group:131, group:132]. group:132 will be transported with its reference to 131 nulled out and will require a second pass.
2019-11-06 09:30:35.164 DEBUG group 132 _e-0000e367-8744-8000-0b9d-011e94011e94_337 Processing reference: Group.homePageId
2019-11-06 09:30:35.164 DEBUG group 132 _e-0000e367-8744-8000-0b9d-011e94011e94_337 Processing reference: Role[name=<null>]
2019-11-06 09:30:35.164 DEBUG group 132 _e-0000e367-8744-8000-0b9d-011e94011e94_337 Completing produce.
2019-11-06 09:30:35.164 DEBUG group 132 _e-0000e367-8744-8000-0b9d-011e94011e94_337 Object transported with these references nulled out: [group:131]
2019-11-06 09:30:35.164 DEBUG group 131 _e-0000e35b-cf1a-8000-ffe9-011e94011e94_455 Completing produce.
2019-11-06 09:30:35.164 DEBUG group 131 _e-0000e35b-cf1a-8000-ffe9-011e94011e94_455 Exporting binary resources.
2019-11-06 09:30:35.164 DEBUG group 131 _e-0000e35b-cf1a-8000-ffe9-011e94011e94_455 Serializing object to XML.
2019-11-06 09:30:35.167 DEBUG group 131 _e-0000e35b-cf1a-8000-ffe9-011e94011e94_455 Object transported.
2019-11-06 09:30:35.167 DEBUG group 131 _e-0000e35b-cf1a-8000-ffe9-011e94011e94_455 Binding pending incomplete: group:132
2019-11-06 09:30:35.169 DEBUG group 132 _e-0000e367-8744-8000-0b9d-011e94011e94_337 Begin transport.
2019-11-06 09:30:35.169 DEBUG group 132 _e-0000e367-8744-8000-0b9d-011e94011e94_337 Retrieving object data.
2019-11-06 09:30:35.176 DEBUG group 132 _e-0000e367-8744-8000-0b9d-011e94011e94_337 Setting uuids of object references.
2019-11-06 09:30:35.176 DEBUG group 132 _e-0000e367-8744-8000-0b9d-011e94011e94_337 Processing reference: Role[name=<null>]
2019-11-06 09:30:35.177 DEBUG group 132 _e-0000e367-8744-8000-0b9d-011e94011e94_337 Processing reference: Group.groupTypeId
2019-11-06 09:30:35.179 DEBUG group 132 _e-0000e367-8744-8000-0b9d-011e94011e94_337 Processing reference: Group.parentId
2019-11-06 09:30:35.18 DEBUG group 132 _e-0000e367-8744-8000-0b9d-011e94011e94_337 Processing reference: Group.homePageId
2019-11-06 09:30:35.18 DEBUG group 132 _e-0000e367-8744-8000-0b9d-011e94011e94_337 Processing reference: Role[name=<null>]
2019-11-06 09:30:35.181 DEBUG group 132 _e-0000e367-8744-8000-0b9d-011e94011e94_337 Completing produce.
2019-11-06 09:30:35.181 DEBUG group 132 _e-0000e367-8744-8000-0b9d-011e94011e94_337 Exporting binary resources.
2019-11-06 09:30:35.181 DEBUG group 132 _e-0000e367-8744-8000-0b9d-011e94011e94_337 Serializing object to XML.
2019-11-06 09:30:35.182 DEBUG group 132 _e-0000e367-8744-8000-0b9d-011e94011e94_337 Removed object from incomplete list.
2019-11-06 09:30:35.182 DEBUG group 132 _e-0000e367-8744-8000-0b9d-011e94011e94_337 Object transported.
